This is pdfTeX, Version 3.141592653-2.6-1.40.27 (MiKTeX 25.4) (preloaded format=pdflatex 2025.12.26)  28 DEC 2025 23:14
entering extended mode
 restricted \write18 enabled.
 file:line:error style messages enabled.
 %&-line parsing enabled.
**"e:/Downloads/New Project/main.tex"
(e:/Downloads/New Project/main.tex
LaTeX2e <2025-11-01>
L3 programming layer <2025-11-06>
(F:\New folder\tex/latex/base\report.cls
Document Class: report 2025/01/22 v1.4n Standard LaTeX document class
(F:\New folder\tex/latex/base\size12.clo
File: size12.clo 2025/01/22 v1.4n Standard LaTeX file (size option)
)
\c@part=\count275
\c@chapter=\count276
\c@section=\count277
\c@subsection=\count278
\c@subsubsection=\count279
\c@paragraph=\count280
\c@subparagraph=\count281
\c@figure=\count282
\c@table=\count283
\abovecaptionskip=\skip49
\belowcaptionskip=\skip50
\bibindent=\dimen148
) (F:\New folder\tex/latex/graphics\graphicx.sty
Package: graphicx 2024/12/31 v1.2e Enhanced LaTeX Graphics (DPC,SPQR)
 (F:\New folder\tex/latex/graphics\keyval.sty
Package: keyval 2022/05/29 v1.15 key=value parser (DPC)
\KV@toks@=\toks17
) (F:\New folder\tex/latex/graphics\graphics.sty
Package: graphics 2024/08/06 v1.4g Standard LaTeX Graphics (DPC,SPQR)
 (F:\New folder\tex/latex/graphics\trig.sty
Package: trig 2023/12/02 v1.11 sin cos tan (DPC)
) (F:\New folder\tex/latex/graphics-cfg\graphics.cfg
File: graphics.cfg 2016/06/04 v1.11 sample graphics configuration
)
Package graphics Info: Driver file: pdftex.def on input line 106.
 (F:\New folder\tex/latex/graphics-def\pdftex.def
File: pdftex.def 2025/09/29 v1.2d Graphics/color driver for pdftex
))
\Gin@req@height=\dimen149
\Gin@req@width=\dimen150
) (F:\New folder\tex/latex/geometry\geometry.sty
Package: geometry 2020/01/02 v5.9 Page Geometry
 (F:\New folder\tex/generic/iftex\ifvtex.sty
Package: ifvtex 2019/10/25 v1.7 ifvtex legacy package. Use iftex instead.
 (F:\New folder\tex/generic/iftex\iftex.sty
Package: iftex 2024/12/12 v1.0g TeX engine tests
))
\Gm@cnth=\count284
\Gm@cntv=\count285
\c@Gm@tempcnt=\count286
\Gm@bindingoffset=\dimen151
\Gm@wd@mp=\dimen152
\Gm@odd@mp=\dimen153
\Gm@even@mp=\dimen154
\Gm@layoutwidth=\dimen155
\Gm@layoutheight=\dimen156
\Gm@layouthoffset=\dimen157
\Gm@layoutvoffset=\dimen158
\Gm@dimlist=\toks18
 (F:\New folder\tex/latex/geometry\geometry.cfg)) (F:\New folder\tex/latex/fancyhdr\fancyhdr.sty
Package: fancyhdr 2025/02/07 v5.2 Extensive control of page headers and footers
\f@nch@headwidth=\skip51
\f@nch@offset@elh=\skip52
\f@nch@offset@erh=\skip53
\f@nch@offset@olh=\skip54
\f@nch@offset@orh=\skip55
\f@nch@offset@elf=\skip56
\f@nch@offset@erf=\skip57
\f@nch@offset@olf=\skip58
\f@nch@offset@orf=\skip59
\f@nch@height=\skip60
\f@nch@footalignment=\skip61
\f@nch@widthL=\skip62
\f@nch@widthC=\skip63
\f@nch@widthR=\skip64
\@temptokenb=\toks19
) (F:\New folder\tex/latex/mdframed\mdframed.sty
Package: mdframed 2013/07/01 1.9b: mdframed
 (F:\New folder\tex/latex/kvoptions\kvoptions.sty
Package: kvoptions 2022-06-15 v3.15 Key value format for package options (HO)
 (F:\New folder\tex/generic/ltxcmds\ltxcmds.sty
Package: ltxcmds 2023-12-04 v1.26 LaTeX kernel commands for general use (HO)
) (F:\New folder\tex/latex/kvsetkeys\kvsetkeys.sty
Package: kvsetkeys 2022-10-05 v1.19 Key value parser (HO)
)) (F:\New folder\tex/latex/l3packages/xparse\xparse.sty (F:\New folder\tex/latex/l3kernel\expl3.sty
Package: expl3 2025-11-06 L3 programming layer (loader) 
 (F:\New folder\tex/latex/l3backend\l3backend-pdftex.def
File: l3backend-pdftex.def 2025-10-09 L3 backend support: PDF output (pdfTeX)
\l__color_backend_stack_int=\count287
))
Package: xparse 2025-10-09 L3 Experimental document command parser
) (F:\New folder\tex/latex/etoolbox\etoolbox.sty
Package: etoolbox 2025/10/02 v2.5m e-TeX tools for LaTeX (JAW)
\etb@tempcnta=\count288
) (F:\New folder\tex/latex/zref\zref-abspage.sty
Package: zref-abspage 2025-06-08 v2.36 Module abspage for zref (HO)
 (F:\New folder\tex/latex/zref\zref-base.sty
Package: zref-base 2025-06-08 v2.36 Module base for zref (HO)
 (F:\New folder\tex/generic/infwarerr\infwarerr.sty
Package: infwarerr 2019/12/03 v1.5 Providing info/warning/error messages (HO)
) (F:\New folder\tex/generic/kvdefinekeys\kvdefinekeys.sty
Package: kvdefinekeys 2019-12-19 v1.6 Define keys (HO)
) (F:\New folder\tex/generic/pdftexcmds\pdftexcmds.sty
Package: pdftexcmds 2020-06-27 v0.33 Utility functions of pdfTeX for LuaTeX (HO)
Package pdftexcmds Info: \pdf@primitive is available.
Package pdftexcmds Info: \pdf@ifprimitive is available.
Package pdftexcmds Info: \pdfdraftmode found.
) (F:\New folder\tex/generic/etexcmds\etexcmds.sty
Package: etexcmds 2019/12/15 v1.7 Avoid name clashes with e-TeX commands (HO)
) (F:\New folder\tex/latex/auxhook\auxhook.sty
Package: auxhook 2019-12-17 v1.6 Hooks for auxiliary files (HO)
)
Package zref Info: New property list: main on input line 767.
Package zref Info: New property: default on input line 768.
Package zref Info: New property: page on input line 769.
)
\c@abspage=\count289
Package zref Info: New property: abspage on input line 67.
) (F:\New folder\tex/latex/needspace\needspace.sty
Package: needspace 2025/03/13 v1.3e reserve vertical space
) (F:\New folder\tex/latex/graphics\color.sty
Package: color 2025/01/14 v1.3e Standard LaTeX Color (DPC)
 (F:\New folder\tex/latex/graphics-cfg\color.cfg
File: color.cfg 2016/01/02 v1.6 sample color configuration
)
Package color Info: Driver file: pdftex.def on input line 149.
 (F:\New folder\tex/latex/graphics\mathcolor.ltx))
\mdf@templength=\skip65
\c@mdf@globalstyle@cnt=\count290
\mdf@skipabove@length=\skip66
\mdf@skipbelow@length=\skip67
\mdf@leftmargin@length=\skip68
\mdf@rightmargin@length=\skip69
\mdf@innerleftmargin@length=\skip70
\mdf@innerrightmargin@length=\skip71
\mdf@innertopmargin@length=\skip72
\mdf@innerbottommargin@length=\skip73
\mdf@splittopskip@length=\skip74
\mdf@splitbottomskip@length=\skip75
\mdf@outermargin@length=\skip76
\mdf@innermargin@length=\skip77
\mdf@linewidth@length=\skip78
\mdf@innerlinewidth@length=\skip79
\mdf@middlelinewidth@length=\skip80
\mdf@outerlinewidth@length=\skip81
\mdf@roundcorner@length=\skip82
\mdf@footenotedistance@length=\skip83
\mdf@userdefinedwidth@length=\skip84
\mdf@needspace@length=\skip85
\mdf@frametitleaboveskip@length=\skip86
\mdf@frametitlebelowskip@length=\skip87
\mdf@frametitlerulewidth@length=\skip88
\mdf@frametitleleftmargin@length=\skip89
\mdf@frametitlerightmargin@length=\skip90
\mdf@shadowsize@length=\skip91
\mdf@extratopheight@length=\skip92
\mdf@subtitleabovelinewidth@length=\skip93
\mdf@subtitlebelowlinewidth@length=\skip94
\mdf@subtitleaboveskip@length=\skip95
\mdf@subtitlebelowskip@length=\skip96
\mdf@subtitleinneraboveskip@length=\skip97
\mdf@subtitleinnerbelowskip@length=\skip98
\mdf@subsubtitleabovelinewidth@length=\skip99
\mdf@subsubtitlebelowlinewidth@length=\skip100
\mdf@subsubtitleaboveskip@length=\skip101
\mdf@subsubtitlebelowskip@length=\skip102
\mdf@subsubtitleinneraboveskip@length=\skip103
\mdf@subsubtitleinnerbelowskip@length=\skip104
 (F:\New folder\tex/latex/mdframed\md-frame-0.mdf
File: md-frame-0.mdf 2013/07/01\ 1.9b: md-frame-0
)
\mdf@frametitlebox=\box53
\mdf@footnotebox=\box54
\mdf@splitbox@one=\box55
\mdf@splitbox@two=\box56
\mdf@splitbox@save=\box57
\mdfsplitboxwidth=\skip105
\mdfsplitboxtotalwidth=\skip106
\mdfsplitboxheight=\skip107
\mdfsplitboxdepth=\skip108
\mdfsplitboxtotalheight=\skip109
\mdfframetitleboxwidth=\skip110
\mdfframetitleboxtotalwidth=\skip111
\mdfframetitleboxheight=\skip112
\mdfframetitleboxdepth=\skip113
\mdfframetitleboxtotalheight=\skip114
\mdffootnoteboxwidth=\skip115
\mdffootnoteboxtotalwidth=\skip116
\mdffootnoteboxheight=\skip117
\mdffootnoteboxdepth=\skip118
\mdffootnoteboxtotalheight=\skip119
\mdftotallinewidth=\skip120
\mdfboundingboxwidth=\skip121
\mdfboundingboxtotalwidth=\skip122
\mdfboundingboxheight=\skip123
\mdfboundingboxdepth=\skip124
\mdfboundingboxtotalheight=\skip125
\mdf@freevspace@length=\skip126
\mdf@horizontalwidthofbox@length=\skip127
\mdf@verticalmarginwhole@length=\skip128
\mdf@horizontalspaceofbox=\skip129
\mdfsubtitleheight=\skip130
\mdfsubsubtitleheight=\skip131
\c@mdfcountframes=\count291

****** mdframed patching \endmdf@trivlist

****** -- success******

\mdf@envdepth=\count292
\c@mdf@env@i=\count293
\c@mdf@env@ii=\count294
\c@mdf@zref@counter=\count295
Package zref Info: New property: mdf@pagevalue on input line 895.
) (F:\New folder\tex/latex/setspace\setspace.sty
Package: setspace 2022/12/04 v6.7b set line spacing
) (F:\New folder\tex/latex/tocloft\tocloft.sty
Package: tocloft 2017/08/31 v2.3i parameterised ToC, etc., typesetting
Package tocloft Info: The document has chapter divisions on input line 51.
\cftparskip=\skip132
\cftbeforetoctitleskip=\skip133
\cftaftertoctitleskip=\skip134
\cftbeforepartskip=\skip135
\cftpartnumwidth=\skip136
\cftpartindent=\skip137
\cftbeforechapskip=\skip138
\cftchapindent=\skip139
\cftchapnumwidth=\skip140
\cftbeforesecskip=\skip141
\cftsecindent=\skip142
\cftsecnumwidth=\skip143
\cftbeforesubsecskip=\skip144
\cftsubsecindent=\skip145
\cftsubsecnumwidth=\skip146
\cftbeforesubsubsecskip=\skip147
\cftsubsubsecindent=\skip148
\cftsubsubsecnumwidth=\skip149
\cftbeforeparaskip=\skip150
\cftparaindent=\skip151
\cftparanumwidth=\skip152
\cftbeforesubparaskip=\skip153
\cftsubparaindent=\skip154
\cftsubparanumwidth=\skip155
\cftbeforeloftitleskip=\skip156
\cftafterloftitleskip=\skip157
\cftbeforefigskip=\skip158
\cftfigindent=\skip159
\cftfignumwidth=\skip160
\c@lofdepth=\count296
\c@lotdepth=\count297
\cftbeforelottitleskip=\skip161
\cftafterlottitleskip=\skip162
\cftbeforetabskip=\skip163
\cfttabindent=\skip164
\cfttabnumwidth=\skip165
) (F:\New folder\tex/latex/tools\tabularx.sty
Package: tabularx 2023/12/11 v2.12a `tabularx' package (DPC)
 (F:\New folder\tex/latex/tools\array.sty
Package: array 2025/09/25 v2.6n Tabular extension package (FMi)
\col@sep=\dimen159
\ar@mcellbox=\box58
\extrarowheight=\dimen160
\NC@list=\toks20
\extratabsurround=\skip166
\backup@length=\skip167
\ar@cellbox=\box59
)
\TX@col@width=\dimen161
\TX@old@table=\dimen162
\TX@old@col=\dimen163
\TX@target=\dimen164
\TX@delta=\dimen165
\TX@cols=\count298
\TX@ftn=\toks21
) (F:\New folder\tex/latex/float\float.sty
Package: float 2001/11/08 v1.3d Float enhancements (AL)
\c@float@type=\count299
\float@exts=\toks22
\float@box=\box60
\@float@everytoks=\toks23
\@floatcapt=\box61
) (F:\New folder\tex/latex/algorithms\algorithm.sty
Package: algorithm 2009/08/24 v0.1 Document Style `algorithm' - floating environment
 (F:\New folder\tex/latex/base\ifthen.sty
Package: ifthen 2024/03/16 v1.1e Standard LaTeX ifthen package (DPC)
)
\@float@every@algorithm=\toks24
\c@algorithm=\count300
) (F:\New folder\tex/latex/algorithmicx\algpseudocode.sty
Package: algpseudocode 
 (F:\New folder\tex/latex/algorithmicx\algorithmicx.sty
Package: algorithmicx 2005/04/27 v1.2 Algorithmicx

Document Style algorithmicx 1.2 - a greatly improved `algorithmic' style
\c@ALG@line=\count301
\c@ALG@rem=\count302
\c@ALG@nested=\count303
\ALG@tlm=\skip168
\ALG@thistlm=\skip169
\c@ALG@Lnr=\count304
\c@ALG@blocknr=\count305
\c@ALG@storecount=\count306
\c@ALG@tmpcounter=\count307
\ALG@tmplength=\skip170
)
Document Style - pseudocode environments for use with the `algorithmicx' style
) (F:\New folder\tex/latex/nomencl\nomencl.sty
Package: nomencl 2021/11/10 v5.6 Nomenclature package
 (F:\New folder\tex/latex/xkeyval\xkeyval.sty
Package: xkeyval 2022/06/16 v2.9 package option processing (HA)
 (F:\New folder\tex/generic/xkeyval\xkeyval.tex (F:\New folder\tex/generic/xkeyval\xkvutils.tex
\XKV@toks=\toks25
\XKV@tempa@toks=\toks26
)
\XKV@depth=\count308
File: xkeyval.tex 2014/12/03 v2.7a key=value parser (HA)
)) (F:\New folder\tex/latex/koma-script\tocbasic.sty
Package: tocbasic 2025/09/09 v3.48 KOMA-Script package (handling toc-files)
 (F:\New folder\tex/latex/koma-script\scrbase.sty
Package: scrbase 2025/09/09 v3.48 KOMA-Script package (KOMA-Script-independent basics and keyval usage)
 (F:\New folder\tex/latex/koma-script\scrlfile.sty
Package: scrlfile 2025/09/09 v3.48 KOMA-Script package (file load hooks)
 (F:\New folder\tex/latex/koma-script\scrlfile-hook.sty
Package: scrlfile-hook 2025/09/09 v3.48 KOMA-Script package (using LaTeX hooks)
 (F:\New folder\tex/latex/koma-script\scrlogo.sty
Package: scrlogo 2025/09/09 v3.48 KOMA-Script package (logo)
)))
Applying: [2021/05/01] Usage of raw or classic option list on input line 254.
Already applied: [0000/00/00] Usage of raw or classic option list on input line 370.
)
\scr@dte@tocline@numberwidth=\skip171
\scr@dte@tocline@numbox=\box62
)
Package tocbasic Info: omitting babel extension for `nlo'
(tocbasic)             because of missing \bbl@set@language on input line 187.
Package tocbasic Info: omitting babel extension for `nls'
(tocbasic)             because of missing \bbl@set@language on input line 188.
\nomlabelwidth=\dimen166
\nom@tempdim=\dimen167
\nomitemsep=\skip172
) (F:\New folder\tex/latex/ragged2e\ragged2e.sty
Package: ragged2e 2023/06/22 v3.6 ragged2e Package
\CenteringLeftskip=\skip173
\RaggedLeftLeftskip=\skip174
\RaggedRightLeftskip=\skip175
\CenteringRightskip=\skip176
\RaggedLeftRightskip=\skip177
\RaggedRightRightskip=\skip178
\CenteringParfillskip=\skip179
\RaggedLeftParfillskip=\skip180
\RaggedRightParfillskip=\skip181
\JustifyingParfillskip=\skip182
\CenteringParindent=\skip183
\RaggedLeftParindent=\skip184
\RaggedRightParindent=\skip185
\JustifyingParindent=\skip186
) (F:\New folder\tex/latex/tools\longtable.sty
Package: longtable 2025-10-13 v4.24 Multi-page Table package (DPC)
\LTleft=\skip187
\LTright=\skip188
\LTpre=\skip189
\LTpost=\skip190
\LTchunksize=\count309
\LTcapwidth=\dimen168
\LT@head=\box63
\LT@firsthead=\box64
\LT@foot=\box65
\LT@lastfoot=\box66
\LT@gbox=\box67
\LT@cols=\count310
\LT@rows=\count311
\c@LT@tables=\count312
\c@LT@chunks=\count313
\LT@p@ftn=\toks27
) (F:\New folder\tex/latex/url\url.sty
\Urlmuskip=\muskip17
Package: url 2013/09/16  ver 3.4  Verb mode for urls, etc.
) (F:\New folder\tex/latex/hyperref\hyperref.sty
Package: hyperref 2025-07-12 v7.01o Hypertext links for LaTeX
 (F:\New folder\tex/generic/pdfescape\pdfescape.sty
Package: pdfescape 2019/12/09 v1.15 Implements pdfTeX's escape features (HO)
) (F:\New folder\tex/latex/hycolor\hycolor.sty
Package: hycolor 2020-01-27 v1.10 Color options for hyperref/bookmark (HO)
) (F:\New folder\tex/latex/hyperref\nameref.sty
Package: nameref 2025-06-21 v2.57 Cross-referencing by name of section
 (F:\New folder\tex/latex/refcount\refcount.sty
Package: refcount 2019/12/15 v3.6 Data extraction from label references (HO)
) (F:\New folder\tex/generic/gettitlestring\gettitlestring.sty
Package: gettitlestring 2019/12/15 v1.6 Cleanup title references (HO)
)
\c@section@level=\count314
) (F:\New folder\tex/generic/stringenc\stringenc.sty
Package: stringenc 2019/11/29 v1.12 Convert strings between diff. encodings (HO)
)
\@linkdim=\dimen169
\Hy@linkcounter=\count315
\Hy@pagecounter=\count316
 (F:\New folder\tex/latex/hyperref\pd1enc.def
File: pd1enc.def 2025-07-12 v7.01o Hyperref: PDFDocEncoding definition (HO)
Now handling font encoding PD1 ...
... no UTF-8 mapping file for font encoding PD1
) (F:\New folder\tex/generic/intcalc\intcalc.sty
Package: intcalc 2019/12/15 v1.3 Expandable calculations with integers (HO)
)
\Hy@SavedSpaceFactor=\count317
 (F:\New folder\tex/latex/hyperref\puenc.def
File: puenc.def 2025-07-12 v7.01o Hyperref: PDF Unicode definition (HO)
Now handling font encoding PU ...
... no UTF-8 mapping file for font encoding PU
)
Package hyperref Info: Hyper figures OFF on input line 4195.
Package hyperref Info: Link nesting OFF on input line 4200.
Package hyperref Info: Hyper index ON on input line 4203.
Package hyperref Info: Plain pages OFF on input line 4210.
Package hyperref Info: Backreferencing OFF on input line 4215.
Package hyperref Info: Implicit mode ON; LaTeX internals redefined.
Package hyperref Info: Bookmarks ON on input line 4462.
\c@Hy@tempcnt=\count318
LaTeX Info: Redefining \url on input line 4801.
\XeTeXLinkMargin=\dimen170
 (F:\New folder\tex/generic/bitset\bitset.sty
Package: bitset 2019/12/09 v1.3 Handle bit-vector datatype (HO)
 (F:\New folder\tex/generic/bigintcalc\bigintcalc.sty
Package: bigintcalc 2019/12/15 v1.5 Expandable calculations on big integers (HO)
))
\Fld@menulength=\count319
\Field@Width=\dimen171
\Fld@charsize=\dimen172
Package hyperref Info: Hyper figures OFF on input line 6078.
Package hyperref Info: Link nesting OFF on input line 6083.
Package hyperref Info: Hyper index ON on input line 6086.
Package hyperref Info: backreferencing OFF on input line 6093.
Package hyperref Info: Link coloring OFF on input line 6098.
Package hyperref Info: Link coloring with OCG OFF on input line 6103.
Package hyperref Info: PDF/A mode OFF on input line 6108.
\Hy@abspage=\count320
\c@Item=\count321
\c@Hfootnote=\count322
)
Package hyperref Info: Driver (autodetected): hpdftex.
 (F:\New folder\tex/latex/hyperref\hpdftex.def
File: hpdftex.def 2025-07-12 v7.01o Hyperref driver for pdfTeX
\HyAnn@Count=\count323
\Fld@listcount=\count324
\c@bookmark@seq@number=\count325
 (F:\New folder\tex/latex/rerunfilecheck\rerunfilecheck.sty
Package: rerunfilecheck 2025-06-21 v1.11 Rerun checks for auxiliary files (HO)
 (F:\New folder\tex/generic/uniquecounter\uniquecounter.sty
Package: uniquecounter 2019/12/15 v1.4 Provide unlimited unique counter (HO)
)
Package uniquecounter Info: New unique counter `rerunfilecheck' on input line 284.
)
\Hy@SectionHShift=\skip191
) (F:\New folder\tex/latex/titlesec\titlesec.sty
Package: titlesec 2025/01/04 v2.17 Sectioning titles
\ttl@box=\box68
\beforetitleunit=\skip192
\aftertitleunit=\skip193
\ttl@plus=\dimen173
\ttl@minus=\dimen174
\ttl@toksa=\toks28
\titlewidth=\dimen175
\titlewidthlast=\dimen176
\titlewidthfirst=\dimen177
)
   defining Unicode char U+2082 (decimal 8322)
\@nomenclaturefile=\write3
\openout3 = `main.nlo'.

Package nomencl Info: Writing nomenclature file main.nlo on input line 91.
 (main.aux)
\openout1 = `main.aux'.

LaTeX Font Info:    Checking defaults for OML/cmm/m/it on input line 166.
LaTeX Font Info:    ... okay on input line 166.
LaTeX Font Info:    Checking defaults for OMS/cmsy/m/n on input line 166.
LaTeX Font Info:    ... okay on input line 166.
LaTeX Font Info:    Checking defaults for OT1/cmr/m/n on input line 166.
LaTeX Font Info:    ... okay on input line 166.
LaTeX Font Info:    Checking defaults for T1/cmr/m/n on input line 166.
LaTeX Font Info:    ... okay on input line 166.
LaTeX Font Info:    Checking defaults for TS1/cmr/m/n on input line 166.
LaTeX Font Info:    ... okay on input line 166.
LaTeX Font Info:    Checking defaults for OMX/cmex/m/n on input line 166.
LaTeX Font Info:    ... okay on input line 166.
LaTeX Font Info:    Checking defaults for U/cmr/m/n on input line 166.
LaTeX Font Info:    ... okay on input line 166.
LaTeX Font Info:    Checking defaults for PD1/pdf/m/n on input line 166.
LaTeX Font Info:    ... okay on input line 166.
LaTeX Font Info:    Checking defaults for PU/pdf/m/n on input line 166.
LaTeX Font Info:    ... okay on input line 166.
 (F:\New folder\tex/context/base/mkii\supp-pdf.mkii
[Loading MPS to PDF converter (version 2006.09.02).]
\scratchcounter=\count326
\scratchdimen=\dimen178
\scratchbox=\box69
\nofMPsegments=\count327
\nofMParguments=\count328
\everyMPshowfont=\toks29
\MPscratchCnt=\count329
\MPscratchDim=\dimen179
\MPnumerator=\count330
\makeMPintoPDFobject=\count331
\everyMPtoPDFconversion=\toks30
) (F:\New folder\tex/latex/epstopdf-pkg\epstopdf-base.sty
Package: epstopdf-base 2020-01-24 v2.11 Base part for package epstopdf
Package epstopdf-base Info: Redefining graphics rule for `.eps' on input line 485.
 (F:\New folder\tex/latex/00miktex\epstopdf-sys.cfg
File: epstopdf-sys.cfg 2021/03/18 v2.0 Configuration of epstopdf for MiKTeX
))
*geometry* driver: auto-detecting
*geometry* detected driver: pdftex
*geometry* verbose mode - [ preamble ] result:
* driver: pdftex
* paper: a4paper
* layout: <same size as paper>
* layoutoffset:(h,v)=(0.0pt,0.0pt)
* modes: 
* h-part:(L,W,R)=(90.3375pt, 434.90039pt, 72.26999pt)
* v-part:(T,H,B)=(72.26999pt, 700.50687pt, 72.26999pt)
* \paperwidth=597.50787pt
* \paperheight=845.04684pt
* \textwidth=434.90039pt
* \textheight=700.50687pt
* \oddsidemargin=18.0675pt
* \evensidemargin=18.0675pt
* \topmargin=-37.0pt
* \headheight=12.0pt
* \headsep=25.0pt
* \topskip=12.0pt
* \footskip=30.0pt
* \marginparwidth=44.0pt
* \marginparsep=10.0pt
* \columnsep=10.0pt
* \skip\footins=10.8pt plus 4.0pt minus 2.0pt
* \hoffset=0.0pt
* \voffset=0.0pt
* \mag=1000
* \@twocolumnfalse
* \@twosidefalse
* \@mparswitchfalse
* \@reversemarginfalse
* (1in=72.27pt=25.4mm, 1cm=28.453pt)

Package hyperref Info: Link coloring OFF on input line 166.
\@outlinefile=\write4
\openout4 = `main.out'.

<VTU.png, id=3, 231.264pt x 325.215pt>
File: VTU.png Graphic file (type png)
<use VTU.png>
Package pdftex.def Info: VTU.png  used on input line 180.
(pdftex.def)             Requested size: 89.95857pt x 126.50581pt.

LaTeX Font Warning: Font shape `OT1/cmr/bx/n' in size <13> not available
(Font)              size <12> substituted on input line 190.

LaTeX Font Info:    External font `cmex10' loaded for size
(Font)              <12> on input line 193.
LaTeX Font Info:    External font `cmex10' loaded for size
(Font)              <8> on input line 193.
LaTeX Font Info:    External font `cmex10' loaded for size
(Font)              <6> on input line 193.
<BITlogo.png, id=5, 301.125pt x 348.30125pt>
File: BITlogo.png Graphic file (type png)
<use BITlogo.png>
Package pdftex.def Info: BITlogo.png  used on input line 206.
(pdftex.def)             Requested size: 53.15904pt x 61.48509pt.
Package mdframed Info: Not enough space on this page on input line 214.
[1

{C:/Users/Admin/AppData/Local/MiKTeX/fonts/map/pdftex/pdftex.map} <./VTU.png> <./BITlogo.png>]
File: BITlogo.png Graphic file (type png)
<use BITlogo.png>
Package pdftex.def Info: BITlogo.png  used on input line 239.
(pdftex.def)             Requested size: 93.71996pt x 108.40276pt.
LaTeX Font Info:    External font `cmex10' loaded for size
(Font)              <14.4> on input line 284.
LaTeX Font Info:    External font `cmex10' loaded for size
(Font)              <7> on input line 284.
 [1]
File: BITlogo.png Graphic file (type png)
<use BITlogo.png>
Package pdftex.def Info: BITlogo.png  used on input line 311.
(pdftex.def)             Requested size: 93.71996pt x 108.40276pt.

Overfull \hbox (2.77684pt too wide) in paragraph at lines 328--339
[][] 
 []

[2] [3]

LaTeX Font Warning: Font shape `OT1/cmr/m/n' in size <20> not available
(Font)              size <20.74> substituted on input line 389.


LaTeX Font Warning: Font shape `OT1/cmr/bx/n' in size <20> not available
(Font)              size <20.74> substituted on input line 389.

[4

]
No file main.toc.
\tf@toc=\write5
\openout5 = `main.toc'.

[5]
No file main.lof.
\tf@lof=\write6
\openout6 = `main.lof'.

[6]
No file main.lot.
\tf@lot=\write7
\openout7 = `main.lot'.

[7] (chapters/chapter1.tex
Chapter 1.

LaTeX Font Warning: Font shape `OT1/cmr/m/n' in size <16> not available
(Font)              size <17.28> substituted on input line 1.


LaTeX Font Warning: Font shape `OT1/cmr/bx/n' in size <16> not available
(Font)              size <17.28> substituted on input line 1.


Package fancyhdr Warning: \headheight is too small (12.0pt): 
(fancyhdr)                Make it at least 17.49998pt, for example:
(fancyhdr)                \setlength{\headheight}{17.49998pt}.
(fancyhdr)                You might also make \topmargin smaller:
(fancyhdr)                \addtolength{\topmargin}{-5.49998pt}.


pdfTeX warning (ext4): destination with the same identifier (name{page.1}) has been already used, duplicate ignored
<to be read again> 
                   \relax 
l.19 
      [1

]

Package fancyhdr Warning: \headheight is too small (12.0pt): 
(fancyhdr)                Make it at least 17.49998pt, for example:
(fancyhdr)                \setlength{\headheight}{17.49998pt}.
(fancyhdr)                You might also make \topmargin smaller:
(fancyhdr)                \addtolength{\topmargin}{-5.49998pt}.

[2]

Package fancyhdr Warning: \headheight is too small (12.0pt): 
(fancyhdr)                Make it at least 17.49998pt, for example:
(fancyhdr)                \setlength{\headheight}{17.49998pt}.
(fancyhdr)                You might also make \topmargin smaller:
(fancyhdr)                \addtolength{\topmargin}{-5.49998pt}.

[3]

Package fancyhdr Warning: \headheight is too small (12.0pt): 
(fancyhdr)                Make it at least 17.49998pt, for example:
(fancyhdr)                \setlength{\headheight}{17.49998pt}.
(fancyhdr)                You might also make \topmargin smaller:
(fancyhdr)                \addtolength{\topmargin}{-5.49998pt}.

[4]

Package fancyhdr Warning: \headheight is too small (12.0pt): 
(fancyhdr)                Make it at least 17.49998pt, for example:
(fancyhdr)                \setlength{\headheight}{17.49998pt}.
(fancyhdr)                You might also make \topmargin smaller:
(fancyhdr)                \addtolength{\topmargin}{-5.49998pt}.

[5]

Package fancyhdr Warning: \headheight is too small (12.0pt): 
(fancyhdr)                Make it at least 17.49998pt, for example:
(fancyhdr)                \setlength{\headheight}{17.49998pt}.
(fancyhdr)                You might also make \topmargin smaller:
(fancyhdr)                \addtolength{\topmargin}{-5.49998pt}.

[6]

Package fancyhdr Warning: \headheight is too small (12.0pt): 
(fancyhdr)                Make it at least 17.49998pt, for example:
(fancyhdr)                \setlength{\headheight}{17.49998pt}.
(fancyhdr)                You might also make \topmargin smaller:
(fancyhdr)                \addtolength{\topmargin}{-5.49998pt}.

[7]

Package fancyhdr Warning: \headheight is too small (12.0pt): 
(fancyhdr)                Make it at least 17.49998pt, for example:
(fancyhdr)                \setlength{\headheight}{17.49998pt}.
(fancyhdr)                You might also make \topmargin smaller:
(fancyhdr)                \addtolength{\topmargin}{-5.49998pt}.

[8]

Package fancyhdr Warning: \headheight is too small (12.0pt): 
(fancyhdr)                Make it at least 17.49998pt, for example:
(fancyhdr)                \setlength{\headheight}{17.49998pt}.
(fancyhdr)                You might also make \topmargin smaller:
(fancyhdr)                \addtolength{\topmargin}{-5.49998pt}.

[9]) (chapters/chapter2.tex

Package fancyhdr Warning: \headheight is too small (12.0pt): 
(fancyhdr)                Make it at least 17.49998pt, for example:
(fancyhdr)                \setlength{\headheight}{17.49998pt}.
(fancyhdr)                You might also make \topmargin smaller:
(fancyhdr)                \addtolength{\topmargin}{-5.49998pt}.

[10]
Chapter 2.

Package fancyhdr Warning: \headheight is too small (12.0pt): 
(fancyhdr)                Make it at least 17.49998pt, for example:
(fancyhdr)                \setlength{\headheight}{17.49998pt}.
(fancyhdr)                You might also make \topmargin smaller:
(fancyhdr)                \addtolength{\topmargin}{-5.49998pt}.

[11

]

Package fancyhdr Warning: \headheight is too small (12.0pt): 
(fancyhdr)                Make it at least 17.49998pt, for example:
(fancyhdr)                \setlength{\headheight}{17.49998pt}.
(fancyhdr)                You might also make \topmargin smaller:
(fancyhdr)                \addtolength{\topmargin}{-5.49998pt}.

[12]

Package fancyhdr Warning: \headheight is too small (12.0pt): 
(fancyhdr)                Make it at least 17.49998pt, for example:
(fancyhdr)                \setlength{\headheight}{17.49998pt}.
(fancyhdr)                You might also make \topmargin smaller:
(fancyhdr)                \addtolength{\topmargin}{-5.49998pt}.

[13]

Package fancyhdr Warning: \headheight is too small (12.0pt): 
(fancyhdr)                Make it at least 17.49998pt, for example:
(fancyhdr)                \setlength{\headheight}{17.49998pt}.
(fancyhdr)                You might also make \topmargin smaller:
(fancyhdr)                \addtolength{\topmargin}{-5.49998pt}.

[14]

Package fancyhdr Warning: \headheight is too small (12.0pt): 
(fancyhdr)                Make it at least 17.49998pt, for example:
(fancyhdr)                \setlength{\headheight}{17.49998pt}.
(fancyhdr)                You might also make \topmargin smaller:
(fancyhdr)                \addtolength{\topmargin}{-5.49998pt}.

[15]

Package fancyhdr Warning: \headheight is too small (12.0pt): 
(fancyhdr)                Make it at least 17.49998pt, for example:
(fancyhdr)                \setlength{\headheight}{17.49998pt}.
(fancyhdr)                You might also make \topmargin smaller:
(fancyhdr)                \addtolength{\topmargin}{-5.49998pt}.

[16]

Package fancyhdr Warning: \headheight is too small (12.0pt): 
(fancyhdr)                Make it at least 17.49998pt, for example:
(fancyhdr)                \setlength{\headheight}{17.49998pt}.
(fancyhdr)                You might also make \topmargin smaller:
(fancyhdr)                \addtolength{\topmargin}{-5.49998pt}.

[17]

Package fancyhdr Warning: \headheight is too small (12.0pt): 
(fancyhdr)                Make it at least 17.49998pt, for example:
(fancyhdr)                \setlength{\headheight}{17.49998pt}.
(fancyhdr)                You might also make \topmargin smaller:
(fancyhdr)                \addtolength{\topmargin}{-5.49998pt}.

[18]

Package fancyhdr Warning: \headheight is too small (12.0pt): 
(fancyhdr)                Make it at least 17.49998pt, for example:
(fancyhdr)                \setlength{\headheight}{17.49998pt}.
(fancyhdr)                You might also make \topmargin smaller:
(fancyhdr)                \addtolength{\topmargin}{-5.49998pt}.

[19]) (chapters/chapter3.tex

Package fancyhdr Warning: \headheight is too small (12.0pt): 
(fancyhdr)                Make it at least 17.49998pt, for example:
(fancyhdr)                \setlength{\headheight}{17.49998pt}.
(fancyhdr)                You might also make \topmargin smaller:
(fancyhdr)                \addtolength{\topmargin}{-5.49998pt}.

[20]
Chapter 3.

Package fancyhdr Warning: \headheight is too small (12.0pt): 
(fancyhdr)                Make it at least 17.49998pt, for example:
(fancyhdr)                \setlength{\headheight}{17.49998pt}.
(fancyhdr)                You might also make \topmargin smaller:
(fancyhdr)                \addtolength{\topmargin}{-5.49998pt}.

[21

]

Package fancyhdr Warning: \headheight is too small (12.0pt): 
(fancyhdr)                Make it at least 17.49998pt, for example:
(fancyhdr)                \setlength{\headheight}{17.49998pt}.
(fancyhdr)                You might also make \topmargin smaller:
(fancyhdr)                \addtolength{\topmargin}{-5.49998pt}.

[22]

Package fancyhdr Warning: \headheight is too small (12.0pt): 
(fancyhdr)                Make it at least 17.49998pt, for example:
(fancyhdr)                \setlength{\headheight}{17.49998pt}.
(fancyhdr)                You might also make \topmargin smaller:
(fancyhdr)                \addtolength{\topmargin}{-5.49998pt}.

[23]

Package fancyhdr Warning: \headheight is too small (12.0pt): 
(fancyhdr)                Make it at least 17.49998pt, for example:
(fancyhdr)                \setlength{\headheight}{17.49998pt}.
(fancyhdr)                You might also make \topmargin smaller:
(fancyhdr)                \addtolength{\topmargin}{-5.49998pt}.

[24]

Package fancyhdr Warning: \headheight is too small (12.0pt): 
(fancyhdr)                Make it at least 17.49998pt, for example:
(fancyhdr)                \setlength{\headheight}{17.49998pt}.
(fancyhdr)                You might also make \topmargin smaller:
(fancyhdr)                \addtolength{\topmargin}{-5.49998pt}.

[25]) (chapters/chapter4.tex

Package fancyhdr Warning: \headheight is too small (12.0pt): 
(fancyhdr)                Make it at least 17.49998pt, for example:
(fancyhdr)                \setlength{\headheight}{17.49998pt}.
(fancyhdr)                You might also make \topmargin smaller:
(fancyhdr)                \addtolength{\topmargin}{-5.49998pt}.

[26]
Chapter 4.

Package fancyhdr Warning: \headheight is too small (12.0pt): 
(fancyhdr)                Make it at least 17.49998pt, for example:
(fancyhdr)                \setlength{\headheight}{17.49998pt}.
(fancyhdr)                You might also make \topmargin smaller:
(fancyhdr)                \addtolength{\topmargin}{-5.49998pt}.

[27

]

Package fancyhdr Warning: \headheight is too small (12.0pt): 
(fancyhdr)                Make it at least 17.49998pt, for example:
(fancyhdr)                \setlength{\headheight}{17.49998pt}.
(fancyhdr)                You might also make \topmargin smaller:
(fancyhdr)                \addtolength{\topmargin}{-5.49998pt}.

[28]
chapters/chapter4.tex:49: Undefined control sequence.
<argument> \text 
                 {Successfully Delivered Messages}
l.49 ...essages}}{\text{Total Broadcast Messages}}
                                                   \times 100\%
The control sequence at the end of the top line
of your error message was never \def'ed. If you have
misspelled it (e.g., `\hobx'), type `I' and the correct
spelling (e.g., `I\hbox'). Otherwise just continue,
and I'll forget about whatever was undefined.

chapters/chapter4.tex:49: Undefined control sequence.
<argument> \text 
                 {Total Broadcast Messages}
l.49 ...essages}}{\text{Total Broadcast Messages}}
                                                   \times 100\%
The control sequence at the end of the top line
of your error message was never \def'ed. If you have
misspelled it (e.g., `\hobx'), type `I' and the correct
spelling (e.g., `I\hbox'). Otherwise just continue,
and I'll forget about whatever was undefined.


Package fancyhdr Warning: \headheight is too small (12.0pt): 
(fancyhdr)                Make it at least 17.49998pt, for example:
(fancyhdr)                \setlength{\headheight}{17.49998pt}.
(fancyhdr)                You might also make \topmargin smaller:
(fancyhdr)                \addtolength{\topmargin}{-5.49998pt}.

[29]

Package fancyhdr Warning: \headheight is too small (12.0pt): 
(fancyhdr)                Make it at least 17.49998pt, for example:
(fancyhdr)                \setlength{\headheight}{17.49998pt}.
(fancyhdr)                You might also make \topmargin smaller:
(fancyhdr)                \addtolength{\topmargin}{-5.49998pt}.

[30]

Package fancyhdr Warning: \headheight is too small (12.0pt): 
(fancyhdr)                Make it at least 17.49998pt, for example:
(fancyhdr)                \setlength{\headheight}{17.49998pt}.
(fancyhdr)                You might also make \topmargin smaller:
(fancyhdr)                \addtolength{\topmargin}{-5.49998pt}.

[31]

Package fancyhdr Warning: \headheight is too small (12.0pt): 
(fancyhdr)                Make it at least 17.49998pt, for example:
(fancyhdr)                \setlength{\headheight}{17.49998pt}.
(fancyhdr)                You might also make \topmargin smaller:
(fancyhdr)                \addtolength{\topmargin}{-5.49998pt}.

[32]

LaTeX Warning: Reference `fig:system_architecture' on page 33 undefined on input line 150.


Package fancyhdr Warning: \headheight is too small (12.0pt): 
(fancyhdr)                Make it at least 17.49998pt, for example:
(fancyhdr)                \setlength{\headheight}{17.49998pt}.
(fancyhdr)                You might also make \topmargin smaller:
(fancyhdr)                \addtolength{\topmargin}{-5.49998pt}.

[33]
<chapters/system_architecture_resqnow.png, id=234, 770.88pt x 377.15906pt>
File: chapters/system_architecture_resqnow.png Graphic file (type png)
<use chapters/system_architecture_resqnow.png>
Package pdftex.def Info: chapters/system_architecture_resqnow.png  used on input line 158.
(pdftex.def)             Requested size: 413.15404pt x 202.13779pt.


Package fancyhdr Warning: \headheight is too small (12.0pt): 
(fancyhdr)                Make it at least 17.49998pt, for example:
(fancyhdr)                \setlength{\headheight}{17.49998pt}.
(fancyhdr)                You might also make \topmargin smaller:
(fancyhdr)                \addtolength{\topmargin}{-5.49998pt}.

[34]

LaTeX Warning: Reference `fig:use_case' on page 35 undefined on input line 168.


chapters/chapter4.tex:170: LaTeX Error: Command \guillemetleft unavailable in encoding OT1.

See the LaTeX manual or LaTeX Companion for explanation.
Type  H <return>  for immediate help.
 ...                                              
                                                  
l.170 ...tionships (shown as dashed arrows with «
                                                  include» stereotype) with...
Your command was ignored.
Type  I <command> <return>  to replace it with another command,
or  <return>  to continue without it.


chapters/chapter4.tex:170: LaTeX Error: Command \guillemetright unavailable in encoding OT1.

See the LaTeX manual or LaTeX Companion for explanation.
Type  H <return>  for immediate help.
 ...                                              
                                                  
l.170 ... (shown as dashed arrows with «include»
                                                   stereotype) with Trigger ...
Your command was ignored.
Type  I <command> <return>  to replace it with another command,
or  <return>  to continue without it.


chapters/chapter4.tex:170: LaTeX Error: Command \guillemetleft unavailable in encoding OT1.

See the LaTeX manual or LaTeX Companion for explanation.
Type  H <return>  for immediate help.
 ...                                              
                                                  
l.170 ...lationship (shown as dashed arrow with «
                                                  extend» stereotype) with ...
Your command was ignored.
Type  I <command> <return>  to replace it with another command,
or  <return>  to continue without it.


chapters/chapter4.tex:170: LaTeX Error: Command \guillemetright unavailable in encoding OT1.

See the LaTeX manual or LaTeX Companion for explanation.
Type  H <return>  for immediate help.
 ...                                              
                                                  
l.170 ...ip (shown as dashed arrow with «extend»
                                                   stereotype) with Offline ...
Your command was ignored.
Type  I <command> <return>  to replace it with another command,
or  <return>  to continue without it.


Package fancyhdr Warning: \headheight is too small (12.0pt): 
(fancyhdr)                Make it at least 17.49998pt, for example:
(fancyhdr)                \setlength{\headheight}{17.49998pt}.
(fancyhdr)                You might also make \topmargin smaller:
(fancyhdr)                \addtolength{\topmargin}{-5.49998pt}.

[35 <./chapters/system_architecture_resqnow.png>]
<chapters/use_case_diagram1.png, id=246, 2826.56pt x 1541.76pt>
File: chapters/use_case_diagram1.png Graphic file (type png)
<use chapters/use_case_diagram1.png>
Package pdftex.def Info: chapters/use_case_diagram1.png  used on input line 178.
(pdftex.def)             Requested size: 391.40768pt x 213.49239pt.


Package fancyhdr Warning: \headheight is too small (12.0pt): 
(fancyhdr)                Make it at least 17.49998pt, for example:
(fancyhdr)                \setlength{\headheight}{17.49998pt}.
(fancyhdr)                You might also make \topmargin smaller:
(fancyhdr)                \addtolength{\topmargin}{-5.49998pt}.

[36 <./chapters/use_case_diagram1.png (PNG copy)>]

LaTeX Warning: Reference `fig:sos_workflow' on page 37 undefined on input line 188.


Package fancyhdr Warning: \headheight is too small (12.0pt): 
(fancyhdr)                Make it at least 17.49998pt, for example:
(fancyhdr)                \setlength{\headheight}{17.49998pt}.
(fancyhdr)                You might also make \topmargin smaller:
(fancyhdr)                \addtolength{\topmargin}{-5.49998pt}.

[37]
<chapters/UML activity diagram for sos trigger and responce FLOW IN RESQNOW.png, id=257, 2119.92pt x 1097.60063pt>
File: chapters/UML activity diagram for sos trigger and responce FLOW IN RESQNOW.png Graphic file (type png)
<use chapters/UML activity diagram for sos trigger and responce FLOW IN RESQNOW.png>
Package pdftex.def Info: chapters/UML activity diagram for sos trigger and responce FLOW IN RESQNOW.png  used on input line 202.
(pdftex.def)             Requested size: 413.15404pt x 213.90564pt.


LaTeX Warning: Reference `fig:ble_relay' on page 38 undefined on input line 212.


Package fancyhdr Warning: \headheight is too small (12.0pt): 
(fancyhdr)                Make it at least 17.49998pt, for example:
(fancyhdr)                \setlength{\headheight}{17.49998pt}.
(fancyhdr)                You might also make \topmargin smaller:
(fancyhdr)                \addtolength{\topmargin}{-5.49998pt}.

[38 <./chapters/UML activity diagram for sos trigger and responce FLOW IN RESQNOW.png>]
<chapters/ble based offline sos relay activity flow in resqnow.png, id=265, 2119.92pt x 1076.52188pt>
File: chapters/ble based offline sos relay activity flow in resqnow.png Graphic file (type png)
<use chapters/ble based offline sos relay activity flow in resqnow.png>
Package pdftex.def Info: chapters/ble based offline sos relay activity flow in resqnow.png  used on input line 226.
(pdftex.def)             Requested size: 391.40768pt x 198.7592pt.


LaTeX Warning: Reference `fig:ai_classification' on page 39 undefined on input line 236.


Package fancyhdr Warning: \headheight is too small (12.0pt): 
(fancyhdr)                Make it at least 17.49998pt, for example:
(fancyhdr)                \setlength{\headheight}{17.49998pt}.
(fancyhdr)                You might also make \topmargin smaller:
(fancyhdr)                \addtolength{\topmargin}{-5.49998pt}.

[39 <./chapters/ble based offline sos relay activity flow in resqnow.png>]
<chapters/Rule-Based offline emergency classification flowchat.png, id=273, 2119.92pt x 1103.62312pt>
File: chapters/Rule-Based offline emergency classification flowchat.png Graphic file (type png)
<use chapters/Rule-Based offline emergency classification flowchat.png>
Package pdftex.def Info: chapters/Rule-Based offline emergency classification flowchat.png  used on input line 254.
(pdftex.def)             Requested size: 413.15404pt x 215.07935pt.


LaTeX Warning: Reference `fig:sequence_diagram' on page 40 undefined on input line 265.


Package fancyhdr Warning: \headheight is too small (12.0pt): 
(fancyhdr)                Make it at least 17.49998pt, for example:
(fancyhdr)                \setlength{\headheight}{17.49998pt}.
(fancyhdr)                You might also make \topmargin smaller:
(fancyhdr)                \addtolength{\topmargin}{-5.49998pt}.

[40 <./chapters/Rule-Based offline emergency classification flowchat.png>]

Package fancyhdr Warning: \headheight is too small (12.0pt): 
(fancyhdr)                Make it at least 17.49998pt, for example:
(fancyhdr)                \setlength{\headheight}{17.49998pt}.
(fancyhdr)                You might also make \topmargin smaller:
(fancyhdr)                \addtolength{\topmargin}{-5.49998pt}.

[41]
<chapters/complete sos lifecycle sequence in resqnow system.png, id=286, 2119.92pt x 1105.12875pt>
File: chapters/complete sos lifecycle sequence in resqnow system.png Graphic file (type png)
<use chapters/complete sos lifecycle sequence in resqnow system.png>
Package pdftex.def Info: chapters/complete sos lifecycle sequence in resqnow system.png  used on input line 283.
(pdftex.def)             Requested size: 413.15404pt x 215.37277pt.


Package fancyhdr Warning: \headheight is too small (12.0pt): 
(fancyhdr)                Make it at least 17.49998pt, for example:
(fancyhdr)                \setlength{\headheight}{17.49998pt}.
(fancyhdr)                You might also make \topmargin smaller:
(fancyhdr)                \addtolength{\topmargin}{-5.49998pt}.

[42]

Package fancyhdr Warning: \headheight is too small (12.0pt): 
(fancyhdr)                Make it at least 17.49998pt, for example:
(fancyhdr)                \setlength{\headheight}{17.49998pt}.
(fancyhdr)                You might also make \topmargin smaller:
(fancyhdr)                \addtolength{\topmargin}{-5.49998pt}.

[43 <./chapters/complete sos lifecycle sequence in resqnow system.png>]

Package fancyhdr Warning: \headheight is too small (12.0pt): 
(fancyhdr)                Make it at least 17.49998pt, for example:
(fancyhdr)                \setlength{\headheight}{17.49998pt}.
(fancyhdr)                You might also make \topmargin smaller:
(fancyhdr)                \addtolength{\topmargin}{-5.49998pt}.

[44]

Package fancyhdr Warning: \headheight is too small (12.0pt): 
(fancyhdr)                Make it at least 17.49998pt, for example:
(fancyhdr)                \setlength{\headheight}{17.49998pt}.
(fancyhdr)                You might also make \topmargin smaller:
(fancyhdr)                \addtolength{\topmargin}{-5.49998pt}.

[45]

LaTeX Warning: Reference `tab:detailed_timeline' on page 46 undefined on input line 378.

LaTeX Font Info:    External font `cmex10' loaded for size
(Font)              <10.95> on input line 385.

Package fancyhdr Warning: \headheight is too small (12.0pt): 
(fancyhdr)                Make it at least 17.49998pt, for example:
(fancyhdr)                \setlength{\headheight}{17.49998pt}.
(fancyhdr)                You might also make \topmargin smaller:
(fancyhdr)                \addtolength{\topmargin}{-5.49998pt}.

[46]
Overfull \vbox (196.3596pt too high) has occurred while \output is active []



Package fancyhdr Warning: \headheight is too small (12.0pt): 
(fancyhdr)                Make it at least 17.49998pt, for example:
(fancyhdr)                \setlength{\headheight}{17.49998pt}.
(fancyhdr)                You might also make \topmargin smaller:
(fancyhdr)                \addtolength{\topmargin}{-5.49998pt}.

[47]

LaTeX Warning: Reference `fig:gantt_chart' on page 48 undefined on input line 442.

<chapters/gantt_chart.png, id=361, 1606.0pt x 764.8575pt>
File: chapters/gantt_chart.png Graphic file (type png)
<use chapters/gantt_chart.png>
Package pdftex.def Info: chapters/gantt_chart.png  used on input line 446.
(pdftex.def)             Requested size: 426.20052pt x 202.97803pt.

Package fancyhdr Warning: \headheight is too small (12.0pt): 
(fancyhdr)                Make it at least 17.49998pt, for example:
(fancyhdr)                \setlength{\headheight}{17.49998pt}.
(fancyhdr)                You might also make \topmargin smaller:
(fancyhdr)                \addtolength{\topmargin}{-5.49998pt}.

[48 <./chapters/gantt_chart.png>]

Package fancyhdr Warning: \headheight is too small (12.0pt): 
(fancyhdr)                Make it at least 17.49998pt, for example:
(fancyhdr)                \setlength{\headheight}{17.49998pt}.
(fancyhdr)                You might also make \topmargin smaller:
(fancyhdr)                \addtolength{\topmargin}{-5.49998pt}.

[49]
chapters/chapter4.tex:480: Undefined control sequence.
l.480 \text
           {Effort (E)} = a_b \times (\text{KLOC})^{b_b} = 3.0 \times (16)^{...
The control sequence at the end of the top line
of your error message was never \def'ed. If you have
misspelled it (e.g., `\hobx'), type `I' and the correct
spelling (e.g., `I\hbox'). Otherwise just continue,
and I'll forget about whatever was undefined.

chapters/chapter4.tex:480: Undefined control sequence.
l.480 \text{Effort (E)} = a_b \times (\text
                                           {KLOC})^{b_b} = 3.0 \times (16)^{...
The control sequence at the end of the top line
of your error message was never \def'ed. If you have
misspelled it (e.g., `\hobx'), type `I' and the correct
spelling (e.g., `I\hbox'). Otherwise just continue,
and I'll forget about whatever was undefined.

chapters/chapter4.tex:480: Undefined control sequence.
l.480 ....0 \times (16)^{1.12} \approx 60.45 \text
                                                  { Person-Months}
The control sequence at the end of the top line
of your error message was never \def'ed. If you have
misspelled it (e.g., `\hobx'), type `I' and the correct
spelling (e.g., `I\hbox'). Otherwise just continue,
and I'll forget about whatever was undefined.

chapters/chapter4.tex:487: Undefined control sequence.
l.487 \text
           {Development Time (TDEV)} = c_b \times (E)^{d_b} = 2.5 \times (60...
The control sequence at the end of the top line
of your error message was never \def'ed. If you have
misspelled it (e.g., `\hobx'), type `I' and the correct
spelling (e.g., `I\hbox'). Otherwise just continue,
and I'll forget about whatever was undefined.

chapters/chapter4.tex:487: Undefined control sequence.
l.487 ...\times (60.45)^{0.35} \approx 10.65 \text
                                                  { months}
The control sequence at the end of the top line
of your error message was never \def'ed. If you have
misspelled it (e.g., `\hobx'), type `I' and the correct
spelling (e.g., `I\hbox'). Otherwise just continue,
and I'll forget about whatever was undefined.

chapters/chapter4.tex:494: Undefined control sequence.
l.494 \text
           {Actual Team Size} = 4 \text{ persons}
The control sequence at the end of the top line
of your error message was never \def'ed. If you have
misspelled it (e.g., `\hobx'), type `I' and the correct
spelling (e.g., `I\hbox'). Otherwise just continue,
and I'll forget about whatever was undefined.

chapters/chapter4.tex:494: Undefined control sequence.
l.494 \text{Actual Team Size} = 4 \text
                                       { persons}
The control sequence at the end of the top line
of your error message was never \def'ed. If you have
misspelled it (e.g., `\hobx'), type `I' and the correct
spelling (e.g., `I\hbox'). Otherwise just continue,
and I'll forget about whatever was undefined.

chapters/chapter4.tex:499: Undefined control sequence.
l.499 \text
           {Adjusted Duration} = \frac{\text{Effort}}{\text{Team Size}} = \f...
The control sequence at the end of the top line
of your error message was never \def'ed. If you have
misspelled it (e.g., `\hobx'), type `I' and the correct
spelling (e.g., `I\hbox'). Otherwise just continue,
and I'll forget about whatever was undefined.

chapters/chapter4.tex:499: Undefined control sequence.
<argument> \text 
                 {Effort}
l.499 ... = \frac{\text{Effort}}{\text{Team Size}}
                                                   = \frac{60.45}{4} \approx...
The control sequence at the end of the top line
of your error message was never \def'ed. If you have
misspelled it (e.g., `\hobx'), type `I' and the correct
spelling (e.g., `I\hbox'). Otherwise just continue,
and I'll forget about whatever was undefined.

chapters/chapter4.tex:499: Undefined control sequence.
<argument> \text 
                 {Team Size}
l.499 ... = \frac{\text{Effort}}{\text{Team Size}}
                                                   = \frac{60.45}{4} \approx...
The control sequence at the end of the top line
of your error message was never \def'ed. If you have
misspelled it (e.g., `\hobx'), type `I' and the correct
spelling (e.g., `I\hbox'). Otherwise just continue,
and I'll forget about whatever was undefined.

chapters/chapter4.tex:499: Undefined control sequence.
l.499 ...e}} = \frac{60.45}{4} \approx 15.11 \text
                                                  { months}
The control sequence at the end of the top line
of your error message was never \def'ed. If you have
misspelled it (e.g., `\hobx'), type `I' and the correct
spelling (e.g., `I\hbox'). Otherwise just continue,
and I'll forget about whatever was undefined.

chapters/chapter4.tex:506: Undefined control sequence.
l.506 \text
           {Productivity} = \frac{\text{KLOC}}{\text{Effort}} = \frac{16}{60...
The control sequence at the end of the top line
of your error message was never \def'ed. If you have
misspelled it (e.g., `\hobx'), type `I' and the correct
spelling (e.g., `I\hbox'). Otherwise just continue,
and I'll forget about whatever was undefined.

chapters/chapter4.tex:506: Undefined control sequence.
<argument> \text 
                 {KLOC}
l.506 ...vity} = \frac{\text{KLOC}}{\text{Effort}}
                                                   = \frac{16}{60.45} \appro...
The control sequence at the end of the top line
of your error message was never \def'ed. If you have
misspelled it (e.g., `\hobx'), type `I' and the correct
spelling (e.g., `I\hbox'). Otherwise just continue,
and I'll forget about whatever was undefined.

chapters/chapter4.tex:506: Undefined control sequence.
<argument> \text 
                 {Effort}
l.506 ...vity} = \frac{\text{KLOC}}{\text{Effort}}
                                                   = \frac{16}{60.45} \appro...
The control sequence at the end of the top line
of your error message was never \def'ed. If you have
misspelled it (e.g., `\hobx'), type `I' and the correct
spelling (e.g., `I\hbox'). Otherwise just continue,
and I'll forget about whatever was undefined.

chapters/chapter4.tex:506: Undefined control sequence.
l.506 ...rt}} = \frac{16}{60.45} \approx 265 \text
                                                  { LOC per Person-Month}
The control sequence at the end of the top line
of your error message was never \def'ed. If you have
misspelled it (e.g., `\hobx'), type `I' and the correct
spelling (e.g., `I\hbox'). Otherwise just continue,
and I'll forget about whatever was undefined.


LaTeX Warning: Reference `tab:phase_effort' on page 50 undefined on input line 511.


Package fancyhdr Warning: \headheight is too small (12.0pt): 
(fancyhdr)                Make it at least 17.49998pt, for example:
(fancyhdr)                \setlength{\headheight}{17.49998pt}.
(fancyhdr)                You might also make \topmargin smaller:
(fancyhdr)                \addtolength{\topmargin}{-5.49998pt}.

[50]
<chapters/phase_distribution.png, id=387, 2441.12pt x 1669.23625pt>
File: chapters/phase_distribution.png Graphic file (type png)
<use chapters/phase_distribution.png>
Package pdftex.def Info: chapters/phase_distribution.png  used on input line 538.
(pdftex.def)             Requested size: 382.71446pt x 261.68352pt.


LaTeX Warning: Reference `tab:activity_effort' on page 51 undefined on input line 545.


Package fancyhdr Warning: \headheight is too small (12.0pt): 
(fancyhdr)                Make it at least 17.49998pt, for example:
(fancyhdr)                \setlength{\headheight}{17.49998pt}.
(fancyhdr)                You might also make \topmargin smaller:
(fancyhdr)                \addtolength{\topmargin}{-5.49998pt}.

[51 <./chapters/phase_distribution.png>]
<chapters/activity_distribution.png, id=396, 2409.0pt x 1567.8575pt>
File: chapters/activity_distribution.png Graphic file (type png)
<use chapters/activity_distribution.png>
Package pdftex.def Info: chapters/activity_distribution.png  used on input line 574.
(pdftex.def)             Requested size: 369.66798pt x 240.5752pt.


LaTeX Warning: Reference `tab:detailed_cost' on page 52 undefined on input line 581.


Package fancyhdr Warning: \headheight is too small (12.0pt): 
(fancyhdr)                Make it at least 17.49998pt, for example:
(fancyhdr)                \setlength{\headheight}{17.49998pt}.
(fancyhdr)                You might also make \topmargin smaller:
(fancyhdr)                \addtolength{\topmargin}{-5.49998pt}.

[52 <./chapters/activity_distribution.png>]

LaTeX Warning: Reference `fig:cost_pie_chart' on page 53 undefined on input line 628.


LaTeX Warning: File `chapters/cost_pie_chart.png' not found on input line 632.


chapters/chapter4.tex:632: Package pdftex.def Error: File `chapters/cost_pie_chart.png' not found: using draft setting.

See the pdftex.def package documentation for explanation.
Type  H <return>  for immediate help.
 ...                                              
                                                  
l.632 ...2\textwidth]{chapters/cost_pie_chart.png}
                                                  
Try typing  <return>  to proceed.
If that doesn't work, type  X <return>  to quit.


Package fancyhdr Warning: \headheight is too small (12.0pt): 
(fancyhdr)                Make it at least 17.49998pt, for example:
(fancyhdr)                \setlength{\headheight}{17.49998pt}.
(fancyhdr)                You might also make \topmargin smaller:
(fancyhdr)                \addtolength{\topmargin}{-5.49998pt}.

[53]

Package fancyhdr Warning: \headheight is too small (12.0pt): 
(fancyhdr)                Make it at least 17.49998pt, for example:
(fancyhdr)                \setlength{\headheight}{17.49998pt}.
(fancyhdr)                You might also make \topmargin smaller:
(fancyhdr)                \addtolength{\topmargin}{-5.49998pt}.

[54]

Package fancyhdr Warning: \headheight is too small (12.0pt): 
(fancyhdr)                Make it at least 17.49998pt, for example:
(fancyhdr)                \setlength{\headheight}{17.49998pt}.
(fancyhdr)                You might also make \topmargin smaller:
(fancyhdr)                \addtolength{\topmargin}{-5.49998pt}.

[55]

Package fancyhdr Warning: \headheight is too small (12.0pt): 
(fancyhdr)                Make it at least 17.49998pt, for example:
(fancyhdr)                \setlength{\headheight}{17.49998pt}.
(fancyhdr)                You might also make \topmargin smaller:
(fancyhdr)                \addtolength{\topmargin}{-5.49998pt}.

[56]

Package fancyhdr Warning: \headheight is too small (12.0pt): 
(fancyhdr)                Make it at least 17.49998pt, for example:
(fancyhdr)                \setlength{\headheight}{17.49998pt}.
(fancyhdr)                You might also make \topmargin smaller:
(fancyhdr)                \addtolength{\topmargin}{-5.49998pt}.

[57]

Package fancyhdr Warning: \headheight is too small (12.0pt): 
(fancyhdr)                Make it at least 17.49998pt, for example:
(fancyhdr)                \setlength{\headheight}{17.49998pt}.
(fancyhdr)                You might also make \topmargin smaller:
(fancyhdr)                \addtolength{\topmargin}{-5.49998pt}.

[58]

Package fancyhdr Warning: \headheight is too small (12.0pt): 
(fancyhdr)                Make it at least 17.49998pt, for example:
(fancyhdr)                \setlength{\headheight}{17.49998pt}.
(fancyhdr)                You might also make \topmargin smaller:
(fancyhdr)                \addtolength{\topmargin}{-5.49998pt}.

[59]) (chapters/chapter5.tex

Package fancyhdr Warning: \headheight is too small (12.0pt): 
(fancyhdr)                Make it at least 17.49998pt, for example:
(fancyhdr)                \setlength{\headheight}{17.49998pt}.
(fancyhdr)                You might also make \topmargin smaller:
(fancyhdr)                \addtolength{\topmargin}{-5.49998pt}.

[60]
Chapter 5.
Package hyperref Info: bookmark level for unknown algorithm defaults to 0 on input line 19.
LaTeX Font Info:    Trying to load font information for OMS+cmr on input line 29.
(F:\New folder\tex/latex/base\omscmr.fd
File: omscmr.fd 2024/11/19 v2.5n Standard LaTeX font definitions
)
LaTeX Font Info:    Font shape `OMS/cmr/m/n' in size <12> not available
(Font)              Font shape `OMS/cmsy/m/n' tried instead on input line 29.


Package fancyhdr Warning: \headheight is too small (12.0pt): 
(fancyhdr)                Make it at least 17.49998pt, for example:
(fancyhdr)                \setlength{\headheight}{17.49998pt}.
(fancyhdr)                You might also make \topmargin smaller:
(fancyhdr)                \addtolength{\topmargin}{-5.49998pt}.

[61

]

LaTeX Warning: Reference `fig:sos_ui' on page 62 undefined on input line 52.

<chapters/sos_ui.png, id=465, 667.49374pt x 558.085pt>
File: chapters/sos_ui.png Graphic file (type png)
<use chapters/sos_ui.png>
Package pdftex.def Info: chapters/sos_ui.png  used on input line 56.
(pdftex.def)             Requested size: 434.90039pt x 363.62807pt.

Package fancyhdr Warning: \headheight is too small (12.0pt): 
(fancyhdr)                Make it at least 17.49998pt, for example:
(fancyhdr)                \setlength{\headheight}{17.49998pt}.
(fancyhdr)                You might also make \topmargin smaller:
(fancyhdr)                \addtolength{\topmargin}{-5.49998pt}.

[62]

LaTeX Warning: Reference `fig:sos_backend' on page 63 undefined on input line 63.

<chapters/sos_backend_code.png, id=473, 2826.56pt x 1541.76pt>
File: chapters/sos_backend_code.png Graphic file (type png)
<use chapters/sos_backend_code.png>
Package pdftex.def Info: chapters/sos_backend_code.png  used on input line 67.
(pdftex.def)             Requested size: 391.40768pt x 213.49239pt.

Package fancyhdr Warning: \headheight is too small (12.0pt): 
(fancyhdr)                Make it at least 17.49998pt, for example:
(fancyhdr)                \setlength{\headheight}{17.49998pt}.
(fancyhdr)                You might also make \topmargin smaller:
(fancyhdr)                \addtolength{\topmargin}{-5.49998pt}.

[63 <./chapters/sos_ui.png>]

Package fancyhdr Warning: \headheight is too small (12.0pt): 
(fancyhdr)                Make it at least 17.49998pt, for example:
(fancyhdr)                \setlength{\headheight}{17.49998pt}.
(fancyhdr)                You might also make \topmargin smaller:
(fancyhdr)                \addtolength{\topmargin}{-5.49998pt}.

[64 <./chapters/sos_backend_code.png (PNG copy)>]

LaTeX Warning: Reference `fig:ble_workflow' on page 65 undefined on input line 119.


Package fancyhdr Warning: \headheight is too small (12.0pt): 
(fancyhdr)                Make it at least 17.49998pt, for example:
(fancyhdr)                \setlength{\headheight}{17.49998pt}.
(fancyhdr)                You might also make \topmargin smaller:
(fancyhdr)                \addtolength{\topmargin}{-5.49998pt}.

[65]
<chapters/ble_relay_workflow.png, id=494, 2826.56pt x 1541.76pt>
File: chapters/ble_relay_workflow.png Graphic file (type png)
<use chapters/ble_relay_workflow.png>
Package pdftex.def Info: chapters/ble_relay_workflow.png  used on input line 123.
(pdftex.def)             Requested size: 391.40768pt x 213.49239pt.


LaTeX Warning: Reference `fig:ble_code' on page 66 undefined on input line 130.

<chapters/ble_encryption_code.png, id=495, 2826.56pt x 1541.76pt>
File: chapters/ble_encryption_code.png Graphic file (type png)
<use chapters/ble_encryption_code.png>
Package pdftex.def Info: chapters/ble_encryption_code.png  used on input line 134.
(pdftex.def)             Requested size: 369.66798pt x 201.63562pt.

Package fancyhdr Warning: \headheight is too small (12.0pt): 
(fancyhdr)                Make it at least 17.49998pt, for example:
(fancyhdr)                \setlength{\headheight}{17.49998pt}.
(fancyhdr)                You might also make \topmargin smaller:
(fancyhdr)                \addtolength{\topmargin}{-5.49998pt}.

[66 <./chapters/ble_relay_workflow.png (PNG copy)>]

Package fancyhdr Warning: \headheight is too small (12.0pt): 
(fancyhdr)                Make it at least 17.49998pt, for example:
(fancyhdr)                \setlength{\headheight}{17.49998pt}.
(fancyhdr)                You might also make \topmargin smaller:
(fancyhdr)                \addtolength{\topmargin}{-5.49998pt}.

[67 <./chapters/ble_encryption_code.png (PNG copy)>]
Overfull \vbox (72.943pt too high) has occurred while \output is active []



Package fancyhdr Warning: \headheight is too small (12.0pt): 
(fancyhdr)                Make it at least 17.49998pt, for example:
(fancyhdr)                \setlength{\headheight}{17.49998pt}.
(fancyhdr)                You might also make \topmargin smaller:
(fancyhdr)                \addtolength{\topmargin}{-5.49998pt}.

[68]

LaTeX Warning: Reference `fig:ai_online' on page 69 undefined on input line 193.

<chapters/ai_online_code.png, id=514, 2826.56pt x 1432.35126pt>
File: chapters/ai_online_code.png Graphic file (type png)
<use chapters/ai_online_code.png>
Package pdftex.def Info: chapters/ai_online_code.png  used on input line 197.
(pdftex.def)             Requested size: 413.15404pt x 209.35759pt.

LaTeX Warning: Reference `fig:ai_offline' on page 69 undefined on input line 206.

<chapters/ai_offline_logic.png, id=515, 1803.73875pt x 1482.53876pt>
File: chapters/ai_offline_logic.png Graphic file (type png)
<use chapters/ai_offline_logic.png>
Package pdftex.def Info: chapters/ai_offline_logic.png  used on input line 210.
(pdftex.def)             Requested size: 391.40768pt x 321.70306pt.

Package fancyhdr Warning: \headheight is too small (12.0pt): 
(fancyhdr)                Make it at least 17.49998pt, for example:
(fancyhdr)                \setlength{\headheight}{17.49998pt}.
(fancyhdr)                You might also make \topmargin smaller:
(fancyhdr)                \addtolength{\topmargin}{-5.49998pt}.

[69 <./chapters/ai_online_code.png>]

Package fancyhdr Warning: \headheight is too small (12.0pt): 
(fancyhdr)                Make it at least 17.49998pt, for example:
(fancyhdr)                \setlength{\headheight}{17.49998pt}.
(fancyhdr)                You might also make \topmargin smaller:
(fancyhdr)                \addtolength{\topmargin}{-5.49998pt}.

[70 <./chapters/ai_offline_logic.png>]

Package fancyhdr Warning: \headheight is too small (12.0pt): 
(fancyhdr)                Make it at least 17.49998pt, for example:
(fancyhdr)                \setlength{\headheight}{17.49998pt}.
(fancyhdr)                You might also make \topmargin smaller:
(fancyhdr)                \addtolength{\topmargin}{-5.49998pt}.

[71]

Package fancyhdr Warning: \headheight is too small (12.0pt): 
(fancyhdr)                Make it at least 17.49998pt, for example:
(fancyhdr)                \setlength{\headheight}{17.49998pt}.
(fancyhdr)                You might also make \topmargin smaller:
(fancyhdr)                \addtolength{\topmargin}{-5.49998pt}.

[72]

Package fancyhdr Warning: \headheight is too small (12.0pt): 
(fancyhdr)                Make it at least 17.49998pt, for example:
(fancyhdr)                \setlength{\headheight}{17.49998pt}.
(fancyhdr)                You might also make \topmargin smaller:
(fancyhdr)                \addtolength{\topmargin}{-5.49998pt}.

[73]

Package fancyhdr Warning: \headheight is too small (12.0pt): 
(fancyhdr)                Make it at least 17.49998pt, for example:
(fancyhdr)                \setlength{\headheight}{17.49998pt}.
(fancyhdr)                You might also make \topmargin smaller:
(fancyhdr)                \addtolength{\topmargin}{-5.49998pt}.

[74]
LaTeX Font Info:    Font shape `OMS/cmr/bx/n' in size <12> not available
(Font)              Font shape `OMS/cmsy/b/n' tried instead on input line 347.
) (chapters/chapter6.tex

Package fancyhdr Warning: \headheight is too small (12.0pt): 
(fancyhdr)                Make it at least 17.49998pt, for example:
(fancyhdr)                \setlength{\headheight}{17.49998pt}.
(fancyhdr)                You might also make \topmargin smaller:
(fancyhdr)                \addtolength{\topmargin}{-5.49998pt}.

[75]
Chapter 6.

LaTeX Warning: Reference `tab:test_environment' on page 76 undefined on input line 23.


Package fancyhdr Warning: \headheight is too small (12.0pt): 
(fancyhdr)                Make it at least 17.49998pt, for example:
(fancyhdr)                \setlength{\headheight}{17.49998pt}.
(fancyhdr)                You might also make \topmargin smaller:
(fancyhdr)                \addtolength{\topmargin}{-5.49998pt}.

[76

]

Package fancyhdr Warning: \headheight is too small (12.0pt): 
(fancyhdr)                Make it at least 17.49998pt, for example:
(fancyhdr)                \setlength{\headheight}{17.49998pt}.
(fancyhdr)                You might also make \topmargin smaller:
(fancyhdr)                \addtolength{\topmargin}{-5.49998pt}.

[77]

LaTeX Warning: Reference `tab:functional_tests' on page 78 undefined on input line 62.


LaTeX Warning: Reference `tab:performance_validation' on page 78 undefined on input line 83.


Package fancyhdr Warning: \headheight is too small (12.0pt): 
(fancyhdr)                Make it at least 17.49998pt, for example:
(fancyhdr)                \setlength{\headheight}{17.49998pt}.
(fancyhdr)                You might also make \topmargin smaller:
(fancyhdr)                \addtolength{\topmargin}{-5.49998pt}.

[78]
Overfull \hbox (13.43814pt too wide) in paragraph at lines 89--98
 [][] 
 []


LaTeX Warning: Reference `fig:latency_graph' on page 79 undefined on input line 100.

<chapters/latency_comparison.png, id=585, 2119.92pt x 1072.75781pt>
File: chapters/latency_comparison.png Graphic file (type png)
<use chapters/latency_comparison.png>
Package pdftex.def Info: chapters/latency_comparison.png  used on input line 105.
(pdftex.def)             Requested size: 434.90039pt x 220.06409pt.

LaTeX Warning: Reference `tab:ble_validation' on page 79 undefined on input line 113.


Package fancyhdr Warning: \headheight is too small (12.0pt): 
(fancyhdr)                Make it at least 17.49998pt, for example:
(fancyhdr)                \setlength{\headheight}{17.49998pt}.
(fancyhdr)                You might also make \topmargin smaller:
(fancyhdr)                \addtolength{\topmargin}{-5.49998pt}.

[79 <./chapters/latency_comparison.png>]

LaTeX Warning: Reference `fig:ble_graph' on page 80 undefined on input line 128.

<chapters/ble_success_rate.png, id=594, 2826.56pt x 1541.76pt>
File: chapters/ble_success_rate.png Graphic file (type png)
<use chapters/ble_success_rate.png>
Package pdftex.def Info: chapters/ble_success_rate.png  used on input line 132.
(pdftex.def)             Requested size: 434.90039pt x 237.20593pt.

Package fancyhdr Warning: \headheight is too small (12.0pt): 
(fancyhdr)                Make it at least 17.49998pt, for example:
(fancyhdr)                \setlength{\headheight}{17.49998pt}.
(fancyhdr)                You might also make \topmargin smaller:
(fancyhdr)                \addtolength{\topmargin}{-5.49998pt}.

[80 <./chapters/ble_success_rate.png (PNG copy)>]
<chapters/ai_accuracy.png, id=602, 2826.56pt x 1541.76pt>
File: chapters/ai_accuracy.png Graphic file (type png)
<use chapters/ai_accuracy.png>
Package pdftex.def Info: chapters/ai_accuracy.png  used on input line 144.
(pdftex.def)             Requested size: 434.90039pt x 237.20593pt.
) (chapters/chapter7.tex

Package fancyhdr Warning: \headheight is too small (12.0pt): 
(fancyhdr)                Make it at least 17.49998pt, for example:
(fancyhdr)                \setlength{\headheight}{17.49998pt}.
(fancyhdr)                You might also make \topmargin smaller:
(fancyhdr)                \addtolength{\topmargin}{-5.49998pt}.

[81 <./chapters/ai_accuracy.png (PNG copy)>]
Chapter 7.

LaTeX Warning: Reference `fig:ui_login' on page 82 undefined on input line 15.

<chapters/ui_login.png, id=608, 722.7pt x 591.20876pt>
File: chapters/ui_login.png Graphic file (type png)
<use chapters/ui_login.png>
Package pdftex.def Info: chapters/ui_login.png  used on input line 19.
(pdftex.def)             Requested size: 360.96811pt x 295.2879pt.

Package fancyhdr Warning: \headheight is too small (12.0pt): 
(fancyhdr)                Make it at least 17.49998pt, for example:
(fancyhdr)                \setlength{\headheight}{17.49998pt}.
(fancyhdr)                You might also make \topmargin smaller:
(fancyhdr)                \addtolength{\topmargin}{-5.49998pt}.

[82

]

LaTeX Warning: Reference `fig:ui_dashboard' on page 83 undefined on input line 29.

<chapters/ui_dashboard.png, id=615, 691.58376pt x 508.90125pt>
File: chapters/ui_dashboard.png Graphic file (type png)
<use chapters/ui_dashboard.png>
Package pdftex.def Info: chapters/ui_dashboard.png  used on input line 33.
(pdftex.def)             Requested size: 339.22177pt x 249.62004pt.

Package fancyhdr Warning: \headheight is too small (12.0pt): 
(fancyhdr)                Make it at least 17.49998pt, for example:
(fancyhdr)                \setlength{\headheight}{17.49998pt}.
(fancyhdr)                You might also make \topmargin smaller:
(fancyhdr)                \addtolength{\topmargin}{-5.49998pt}.

[83 <./chapters/ui_login.png>]

LaTeX Warning: Reference `fig:ui_ai_chat' on page 84 undefined on input line 43.


Package fancyhdr Warning: \headheight is too small (12.0pt): 
(fancyhdr)                Make it at least 17.49998pt, for example:
(fancyhdr)                \setlength{\headheight}{17.49998pt}.
(fancyhdr)                You might also make \topmargin smaller:
(fancyhdr)                \addtolength{\topmargin}{-5.49998pt}.

[84 <./chapters/ui_dashboard.png>]
<chapters/ui_ai_conversation.jpg, id=629, 692.5875pt x 451.6875pt>
File: chapters/ui_ai_conversation.jpg Graphic file (type jpg)
<use chapters/ui_ai_conversation.jpg>
Package pdftex.def Info: chapters/ui_ai_conversation.jpg  used on input line 47.
(pdftex.def)             Requested size: 400.10756pt x 260.9451pt.


LaTeX Warning: Reference `fig:ui_ar_cpr' on page 85 undefined on input line 57.


Package fancyhdr Warning: \headheight is too small (12.0pt): 
(fancyhdr)                Make it at least 17.49998pt, for example:
(fancyhdr)                \setlength{\headheight}{17.49998pt}.
(fancyhdr)                You might also make \topmargin smaller:
(fancyhdr)                \addtolength{\topmargin}{-5.49998pt}.

[85 <./chapters/ui_ai_conversation.jpg>]
<chapters/AndroidCPR (1).jpg, id=636, 552.8655pt x 604.05675pt>
File: chapters/AndroidCPR (1).jpg Graphic file (type jpg)
<use chapters/AndroidCPR (1).jpg>
Package pdftex.def Info: chapters/AndroidCPR (1).jpg  used on input line 61.
(pdftex.def)             Requested size: 356.62149pt x 389.6551pt.


LaTeX Warning: Reference `fig:ui_ar_aed' on page 86 undefined on input line 71.


Package fancyhdr Warning: \headheight is too small (12.0pt): 
(fancyhdr)                Make it at least 17.49998pt, for example:
(fancyhdr)                \setlength{\headheight}{17.49998pt}.
(fancyhdr)                You might also make \topmargin smaller:
(fancyhdr)                \addtolength{\topmargin}{-5.49998pt}.

[86 <./chapters/AndroidCPR (1).jpg>]
<chapters/AndroidAED (1).jpg, id=643, 552.8655pt x 650.43pt>
File: chapters/AndroidAED (1).jpg Graphic file (type jpg)
<use chapters/AndroidAED (1).jpg>
Package pdftex.def Info: chapters/AndroidAED (1).jpg  used on input line 75.
(pdftex.def)             Requested size: 326.1753pt x 383.74045pt.


Package fancyhdr Warning: \headheight is too small (12.0pt): 
(fancyhdr)                Make it at least 17.49998pt, for example:
(fancyhdr)                \setlength{\headheight}{17.49998pt}.
(fancyhdr)                You might also make \topmargin smaller:
(fancyhdr)                \addtolength{\topmargin}{-5.49998pt}.

[87 <./chapters/AndroidAED (1).jpg>]) (chapters/chapter8.tex

Package fancyhdr Warning: \headheight is too small (12.0pt): 
(fancyhdr)                Make it at least 17.49998pt, for example:
(fancyhdr)                \setlength{\headheight}{17.49998pt}.
(fancyhdr)                You might also make \topmargin smaller:
(fancyhdr)                \addtolength{\topmargin}{-5.49998pt}.

[88]
Chapter 8.
) (chapters/chapter9.tex

Package fancyhdr Warning: \headheight is too small (12.0pt): 
(fancyhdr)                Make it at least 17.49998pt, for example:
(fancyhdr)                \setlength{\headheight}{17.49998pt}.
(fancyhdr)                You might also make \topmargin smaller:
(fancyhdr)                \addtolength{\topmargin}{-5.49998pt}.

[89

]

Package fancyhdr Warning: \headheight is too small (12.0pt): 
(fancyhdr)                Make it at least 17.49998pt, for example:
(fancyhdr)                \setlength{\headheight}{17.49998pt}.
(fancyhdr)                You might also make \topmargin smaller:
(fancyhdr)                \addtolength{\topmargin}{-5.49998pt}.

[90

]

Package fancyhdr Warning: \headheight is too small (12.0pt): 
(fancyhdr)                Make it at least 17.49998pt, for example:
(fancyhdr)                \setlength{\headheight}{17.49998pt}.
(fancyhdr)                You might also make \topmargin smaller:
(fancyhdr)                \addtolength{\topmargin}{-5.49998pt}.

[91])

Package fancyhdr Warning: \headheight is too small (12.0pt): 
(fancyhdr)                Make it at least 17.49998pt, for example:
(fancyhdr)                \setlength{\headheight}{17.49998pt}.
(fancyhdr)                You might also make \topmargin smaller:
(fancyhdr)                \addtolength{\topmargin}{-5.49998pt}.

[92] (main.aux)
 ***********
LaTeX2e <2025-11-01>
L3 programming layer <2025-11-06>
 ***********


LaTeX Font Warning: Size substitutions with differences
(Font)              up to 1.28pt have occurred.


LaTeX Warning: There were undefined references.


LaTeX Warning: Label(s) may have changed. Rerun to get cross-references right.


Package rerunfilecheck Warning: File `main.out' has changed.
(rerunfilecheck)                Rerun to get outlines right
(rerunfilecheck)                or use package `bookmark'.

Package rerunfilecheck Info: Checksums for `main.out':
(rerunfilecheck)             Before: <no file>
(rerunfilecheck)             After:  C4B7F743E8969C9863C8B0BEC27C2DCB;26193.
 )
(\end occurred inside a group at level 1)

### simple group (level 1) entered at line 4 ({)
### bottom level 
Here is how much of TeX's memory you used:
 13900 strings out of 467871
 229432 string characters out of 5433252
 717090 words of memory out of 5000000
 42220 multiletter control sequences out of 15000+600000
 637042 words of font info for 71 fonts, out of 8000000 for 9000
 1141 hyphenation exceptions out of 8191
 110i,12n,107p,1380b,1000s stack positions out of 10000i,1000n,20000p,200000b,200000s
 <C:\Users\Admin\AppData\Local\MiKTeX\fonts/pk/ljfour/jknappen/ec/dpi600\tcrm1200.pk><F:/New folder/fonts/type1/public/amsfonts/cm/cmbsy10.pfb><F:/New folder/fonts/type1/public/amsfonts/cm/cmbx10.pfb><F:/New folder/fonts/type1/public/amsfonts/cm/cmbx12.pfb><F:/New folder/fonts/type1/public/amsfonts/cm/cmcsc10.pfb><F:/New folder/fonts/type1/public/amsfonts/cm/cmmi12.pfb><F:/New folder/fonts/type1/public/amsfonts/cm/cmmi6.pfb><F:/New folder/fonts/type1/public/amsfonts/cm/cmmi8.pfb><F:/New folder/fonts/type1/public/amsfonts/cm/cmr10.pfb><F:/New folder/fonts/type1/public/amsfonts/cm/cmr12.pfb><F:/New folder/fonts/type1/public/amsfonts/cm/cmr8.pfb><F:/New folder/fonts/type1/public/amsfonts/cm/cmr9.pfb><F:/New folder/fonts/type1/public/amsfonts/cm/cmsy10.pfb><F:/New folder/fonts/type1/public/amsfonts/cm/cmti12.pfb><F:/New folder/fonts/type1/public/amsfonts/cm/cmtt12.pfb>
Output written on main.pdf (100 pages, 53022261 bytes).
PDF statistics:
 838 PDF objects out of 1000 (max. 8388607)
 331 named destinations out of 1000 (max. 500000)
 126 words of extra memory for PDF output out of 10000 (max. 10000000)

