\BOOKMARK [0][-]{Doc-Start}{\376\377\000C\000e\000r\000t\000i\000f\000i\000c\000a\000t\000e}{}% 1
\BOOKMARK [0][-]{Doc-Start}{\376\377\000D\000e\000c\000l\000a\000r\000a\000t\000i\000o\000n}{}% 2
\BOOKMARK [0][-]{Doc-Start}{\376\377\000A\000c\000k\000n\000o\000w\000l\000e\000d\000g\000e\000m\000e\000n\000t\000s}{}% 3
\BOOKMARK [0][-]{chapter*.1}{\376\377\000A\000b\000s\000t\000r\000a\000c\000t}{}% 4
\BOOKMARK [0][-]{chapter*.1}{\376\377\000L\000i\000s\000t\000\040\000o\000f\000\040\000F\000i\000g\000u\000r\000e\000s}{}% 5
\BOOKMARK [0][-]{chapter*.1}{\376\377\000L\000i\000s\000t\000\040\000o\000f\000\040\000T\000a\000b\000l\000e\000s}{}% 6
\BOOKMARK [0][-]{chapter.1}{\376\377\000I\000N\000T\000R\000O\000D\000U\000C\000T\000I\000O\000N}{}% 7
\BOOKMARK [1][-]{section.1.1}{\376\377\000B\000a\000c\000k\000g\000r\000o\000u\000n\000d\000\040\000a\000n\000d\000\040\000O\000v\000e\000r\000v\000i\000e\000w}{chapter.1}% 8
\BOOKMARK [2][-]{subsection.1.1.1}{\376\377\000T\000h\000e\000\040\000C\000r\000i\000t\000i\000c\000a\000l\000\040\000N\000a\000t\000u\000r\000e\000\040\000o\000f\000\040\000E\000m\000e\000r\000g\000e\000n\000c\000y\000\040\000R\000e\000s\000p\000o\000n\000s\000e}{section.1.1}% 9
\BOOKMARK [2][-]{subsection.1.1.2}{\376\377\000L\000i\000m\000i\000t\000a\000t\000i\000o\000n\000s\000\040\000o\000f\000\040\000C\000o\000n\000v\000e\000n\000t\000i\000o\000n\000a\000l\000\040\000E\000m\000e\000r\000g\000e\000n\000c\000y\000\040\000S\000y\000s\000t\000e\000m\000s}{section.1.1}% 10
\BOOKMARK [2][-]{subsection.1.1.3}{\376\377\000T\000e\000c\000h\000n\000o\000l\000o\000g\000i\000c\000a\000l\000\040\000E\000n\000a\000b\000l\000e\000r\000s\000\040\000f\000o\000r\000\040\000M\000o\000d\000e\000r\000n\000\040\000E\000m\000e\000r\000g\000e\000n\000c\000y\000\040\000R\000e\000s\000p\000o\000n\000s\000e}{section.1.1}% 11
\BOOKMARK [2][-]{subsection.1.1.4}{\376\377\000T\000h\000e\000\040\000I\000n\000t\000e\000g\000r\000a\000t\000i\000o\000n\000\040\000G\000a\000p\000\040\000a\000n\000d\000\040\000R\000e\000s\000i\000l\000i\000e\000n\000c\000e\000\040\000C\000h\000a\000l\000l\000e\000n\000g\000e}{section.1.1}% 12
\BOOKMARK [1][-]{section.1.2}{\376\377\000M\000o\000t\000i\000v\000a\000t\000i\000o\000n}{chapter.1}% 13
\BOOKMARK [1][-]{section.1.3}{\376\377\000O\000b\000j\000e\000c\000t\000i\000v\000e\000s\000\040\000o\000f\000\040\000t\000h\000e\000\040\000P\000r\000o\000j\000e\000c\000t}{chapter.1}% 14
\BOOKMARK [1][-]{section.1.4}{\376\377\000P\000r\000o\000b\000l\000e\000m\000\040\000S\000t\000a\000t\000e\000m\000e\000n\000t}{chapter.1}% 15
\BOOKMARK [1][-]{section.1.5}{\376\377\000P\000r\000o\000p\000o\000s\000e\000d\000\040\000S\000o\000l\000u\000t\000i\000o\000n\000\040\000O\000v\000e\000r\000v\000i\000e\000w}{chapter.1}% 16
\BOOKMARK [1][-]{section.1.6}{\376\377\000O\000r\000g\000a\000n\000i\000s\000a\000t\000i\000o\000n\000\040\000o\000f\000\040\000t\000h\000e\000\040\000R\000e\000p\000o\000r\000t}{chapter.1}% 17
\BOOKMARK [0][-]{chapter.2}{\376\377\000L\000I\000T\000E\000R\000A\000T\000U\000R\000E\000\040\000R\000E\000V\000I\000E\000W}{}% 18
\BOOKMARK [1][-]{section.2.1}{\376\377\000R\000e\000v\000i\000e\000w\000\040\000o\000f\000\040\000R\000e\000l\000a\000t\000e\000d\000\040\000W\000o\000r\000k\000s}{chapter.2}% 19
\BOOKMARK [1][-]{section.2.2}{\376\377\000R\000e\000s\000e\000a\000r\000c\000h\000\040\000G\000a\000p\000\040\000A\000n\000a\000l\000y\000s\000i\000s}{chapter.2}% 20
\BOOKMARK [1][-]{section.2.3}{\376\377\000S\000c\000o\000p\000e\000\040\000D\000e\000f\000i\000n\000i\000t\000i\000o\000n}{chapter.2}% 21
\BOOKMARK [0][-]{chapter.3}{\376\377\000S\000Y\000S\000T\000E\000M\000\040\000R\000E\000Q\000U\000I\000R\000E\000M\000E\000N\000T\000S}{}% 22
\BOOKMARK [1][-]{section.3.1}{\376\377\000H\000a\000r\000d\000w\000a\000r\000e\000\040\000R\000e\000q\000u\000i\000r\000e\000m\000e\000n\000t\000s}{chapter.3}% 23
\BOOKMARK [2][-]{subsection.3.1.1}{\376\377\000D\000e\000v\000e\000l\000o\000p\000m\000e\000n\000t\000\040\000W\000o\000r\000k\000s\000t\000a\000t\000i\000o\000n\000\040\000R\000e\000q\000u\000i\000r\000e\000m\000e\000n\000t\000s}{section.3.1}% 24
\BOOKMARK [1][-]{section.3.2}{\376\377\000S\000o\000f\000t\000w\000a\000r\000e\000\040\000R\000e\000q\000u\000i\000r\000e\000m\000e\000n\000t\000s}{chapter.3}% 25
\BOOKMARK [2][-]{subsection.3.2.1}{\376\377\000S\000o\000f\000t\000w\000a\000r\000e\000\040\000A\000r\000c\000h\000i\000t\000e\000c\000t\000u\000r\000e\000\040\000O\000v\000e\000r\000v\000i\000e\000w}{section.3.2}% 26
\BOOKMARK [2][-]{subsection.3.2.2}{\376\377\000M\000o\000b\000i\000l\000e\000\040\000A\000p\000p\000l\000i\000c\000a\000t\000i\000o\000n\000\040\000L\000a\000y\000e\000r}{section.3.2}% 27
\BOOKMARK [2][-]{subsection.3.2.3}{\376\377\000B\000a\000c\000k\000e\000n\000d\000\040\000S\000e\000r\000v\000i\000c\000e\000s\000\040\000L\000a\000y\000e\000r}{section.3.2}% 28
\BOOKMARK [2][-]{subsection.3.2.4}{\376\377\000A\000I\000\040\000I\000n\000t\000e\000l\000l\000i\000g\000e\000n\000c\000e\000\040\000L\000a\000y\000e\000r}{section.3.2}% 29
\BOOKMARK [2][-]{subsection.3.2.5}{\376\377\000C\000o\000m\000m\000u\000n\000i\000c\000a\000t\000i\000o\000n\000\040\000a\000n\000d\000\040\000N\000o\000t\000i\000f\000i\000c\000a\000t\000i\000o\000n\000\040\000L\000a\000y\000e\000r}{section.3.2}% 30
\BOOKMARK [2][-]{subsection.3.2.6}{\376\377\000D\000e\000v\000e\000l\000o\000p\000m\000e\000n\000t\000\040\000T\000o\000o\000l\000s\000\040\000a\000n\000d\000\040\000T\000e\000c\000h\000n\000o\000l\000o\000g\000i\000e\000s}{section.3.2}% 31
\BOOKMARK [0][-]{chapter.4}{\376\377\000D\000E\000S\000I\000G\000N\000\040\000A\000N\000D\000\040\000M\000E\000T\000H\000O\000D\000O\000L\000O\000G\000Y}{}% 32
\BOOKMARK [1][-]{section.4.1}{\376\377\000O\000b\000j\000e\000c\000t\000i\000v\000e\000\040\000o\000f\000\040\000t\000h\000e\000\040\000S\000t\000u\000d\000y}{chapter.4}% 33
\BOOKMARK [1][-]{section.4.2}{\376\377\000M\000e\000a\000s\000u\000r\000e\000m\000e\000n\000t\000\040\000P\000a\000r\000a\000m\000e\000t\000e\000r\000s}{chapter.4}% 34
\BOOKMARK [2][-]{subsection.4.2.1}{\376\377\000L\000a\000t\000e\000n\000c\000y\000\040\000M\000e\000t\000r\000i\000c\000s}{section.4.2}% 35
\BOOKMARK [2][-]{subsection.4.2.2}{\376\377\000A\000c\000c\000u\000r\000a\000c\000y\000\040\000M\000e\000t\000r\000i\000c\000s}{section.4.2}% 36
\BOOKMARK [2][-]{subsection.4.2.3}{\376\377\000R\000e\000l\000i\000a\000b\000i\000l\000i\000t\000y\000\040\000M\000e\000t\000r\000i\000c\000s}{section.4.2}% 37
\BOOKMARK [2][-]{subsection.4.2.4}{\376\377\000R\000e\000s\000o\000u\000r\000c\000e\000\040\000U\000t\000i\000l\000i\000z\000a\000t\000i\000o\000n\000\040\000M\000e\000t\000r\000i\000c\000s}{section.4.2}% 38
\BOOKMARK [1][-]{section.4.3}{\376\377\000M\000e\000a\000s\000u\000r\000e\000m\000e\000n\000t\000\040\000M\000e\000t\000h\000o\000d}{chapter.4}% 39
\BOOKMARK [2][-]{subsection.4.3.1}{\376\377\000P\000r\000o\000t\000o\000t\000y\000p\000e\000\040\000D\000e\000v\000e\000l\000o\000p\000m\000e\000n\000t}{section.4.3}% 40
\BOOKMARK [2][-]{subsection.4.3.2}{\376\377\000L\000a\000t\000e\000n\000c\000y\000\040\000M\000e\000a\000s\000u\000r\000e\000m\000e\000n\000t\000\040\000M\000e\000t\000h\000o\000d\000o\000l\000o\000g\000y}{section.4.3}% 41
\BOOKMARK [2][-]{subsection.4.3.3}{\376\377\000A\000I\000\040\000C\000l\000a\000s\000s\000i\000f\000i\000c\000a\000t\000i\000o\000n\000\040\000V\000a\000l\000i\000d\000a\000t\000i\000o\000n}{section.4.3}% 42
\BOOKMARK [2][-]{subsection.4.3.4}{\376\377\000A\000R\000\040\000P\000e\000r\000f\000o\000r\000m\000a\000n\000c\000e\000\040\000P\000r\000o\000f\000i\000l\000i\000n\000g}{section.4.3}% 43
\BOOKMARK [2][-]{subsection.4.3.5}{\376\377\000B\000L\000E\000\040\000R\000e\000l\000a\000y\000\040\000T\000e\000s\000t\000i\000n\000g\000\040\000P\000r\000o\000c\000e\000d\000u\000r\000e}{section.4.3}% 44
\BOOKMARK [2][-]{subsection.4.3.6}{\376\377\000N\000e\000t\000w\000o\000r\000k\000\040\000C\000o\000n\000d\000i\000t\000i\000o\000n\000\040\000S\000i\000m\000u\000l\000a\000t\000i\000o\000n}{section.4.3}% 45
\BOOKMARK [2][-]{subsection.4.3.7}{\376\377\000R\000e\000s\000o\000u\000r\000c\000e\000\040\000U\000t\000i\000l\000i\000z\000a\000t\000i\000o\000n\000\040\000M\000e\000a\000s\000u\000r\000e\000m\000e\000n\000t}{section.4.3}% 46
\BOOKMARK [1][-]{section.4.4}{\376\377\000S\000y\000s\000t\000e\000m\000\040\000D\000e\000s\000i\000g\000n\000\040\000S\000p\000e\000c\000i\000f\000i\000c\000a\000t\000i\000o\000n\000s}{chapter.4}% 47
\BOOKMARK [2][-]{subsection.4.4.1}{\376\377\000S\000y\000s\000t\000e\000m\000\040\000A\000r\000c\000h\000i\000t\000e\000c\000t\000u\000r\000e}{section.4.4}% 48
\BOOKMARK [2][-]{subsection.4.4.2}{\376\377\000U\000s\000e\000\040\000C\000a\000s\000e\000\040\000D\000i\000a\000g\000r\000a\000m}{section.4.4}% 49
\BOOKMARK [2][-]{subsection.4.4.3}{\376\377\000A\000c\000t\000i\000v\000i\000t\000y\000\040\000D\000i\000a\000g\000r\000a\000m\000\040\000f\000o\000r\000\040\000S\000O\000S\000\040\000E\000m\000e\000r\000g\000e\000n\000c\000y\000\040\000R\000e\000s\000p\000o\000n\000s\000e\000\040\000W\000o\000r\000k\000f\000l\000o\000w}{section.4.4}% 50
\BOOKMARK [2][-]{subsection.4.4.4}{\376\377\000A\000c\000t\000i\000v\000i\000t\000y\000\040\000D\000i\000a\000g\000r\000a\000m\000\040\000f\000o\000r\000\040\000B\000L\000E\000\040\000O\000f\000f\000l\000i\000n\000e\000\040\000R\000e\000l\000a\000y\000\040\000W\000o\000r\000k\000f\000l\000o\000w}{section.4.4}% 51
\BOOKMARK [2][-]{subsection.4.4.5}{\376\377\000A\000c\000t\000i\000v\000i\000t\000y\000\040\000D\000i\000a\000g\000r\000a\000m\000\040\000f\000o\000r\000\040\000A\000I\000-\000B\000a\000s\000e\000d\000\040\000E\000m\000e\000r\000g\000e\000n\000c\000y\000\040\000C\000l\000a\000s\000s\000i\000f\000i\000c\000a\000t\000i\000o\000n\000\040\000W\000o\000r\000k\000f\000l\000o\000w}{section.4.4}% 52
\BOOKMARK [2][-]{subsection.4.4.6}{\376\377\000S\000e\000q\000u\000e\000n\000c\000e\000\040\000D\000i\000a\000g\000r\000a\000m\000\040\000f\000o\000r\000\040\000C\000o\000m\000p\000l\000e\000t\000e\000\040\000S\000O\000S\000\040\000L\000i\000f\000e\000c\000y\000c\000l\000e}{section.4.4}% 53
\BOOKMARK [1][-]{section.4.5}{\376\377\000E\000x\000p\000e\000r\000i\000m\000e\000n\000t\000a\000l\000\040\000P\000r\000o\000c\000e\000d\000u\000r\000e}{chapter.4}% 54
\BOOKMARK [2][-]{subsection.4.5.1}{\376\377\000T\000e\000s\000t\000\040\000S\000c\000e\000n\000a\000r\000i\000o\000\040\0001\000:\000\040\000S\000O\000S\000\040\000L\000a\000t\000e\000n\000c\000y\000\040\000M\000e\000a\000s\000u\000r\000e\000m\000e\000n\000t}{section.4.5}% 55
\BOOKMARK [2][-]{subsection.4.5.2}{\376\377\000T\000e\000s\000t\000\040\000S\000c\000e\000n\000a\000r\000i\000o\000\040\0002\000:\000\040\000A\000I\000\040\000C\000l\000a\000s\000s\000i\000f\000i\000c\000a\000t\000i\000o\000n\000\040\000V\000a\000l\000i\000d\000a\000t\000i\000o\000n}{section.4.5}% 56
\BOOKMARK [2][-]{subsection.4.5.3}{\376\377\000T\000e\000s\000t\000\040\000S\000c\000e\000n\000a\000r\000i\000o\000\040\0003\000:\000\040\000A\000R\000\040\000P\000e\000r\000f\000o\000r\000m\000a\000n\000c\000e\000\040\000T\000e\000s\000t\000i\000n\000g}{section.4.5}% 57
\BOOKMARK [2][-]{subsection.4.5.4}{\376\377\000T\000e\000s\000t\000\040\000S\000c\000e\000n\000a\000r\000i\000o\000\040\0004\000:\000\040\000B\000L\000E\000\040\000R\000e\000l\000a\000y\000\040\000E\000v\000a\000l\000u\000a\000t\000i\000o\000n}{section.4.5}% 58
\BOOKMARK [2][-]{subsection.4.5.5}{\376\377\000T\000e\000s\000t\000\040\000S\000c\000e\000n\000a\000r\000i\000o\000\040\0005\000:\000\040\000R\000e\000s\000o\000u\000r\000c\000e\000\040\000U\000t\000i\000l\000i\000z\000a\000t\000i\000o\000n\000\040\000P\000r\000o\000f\000i\000l\000i\000n\000g}{section.4.5}% 59
\BOOKMARK [1][-]{section.4.6}{\376\377\000P\000r\000o\000j\000e\000c\000t\000\040\000T\000i\000m\000e\000l\000i\000n\000e\000\040\000a\000n\000d\000\040\000D\000e\000v\000e\000l\000o\000p\000m\000e\000n\000t\000\040\000S\000c\000h\000e\000d\000u\000l\000e}{chapter.4}% 60
\BOOKMARK [2][-]{subsection.4.6.1}{\376\377\000O\000v\000e\000r\000v\000i\000e\000w\000\040\000o\000f\000\040\000D\000e\000v\000e\000l\000o\000p\000m\000e\000n\000t\000\040\000L\000i\000f\000e\000c\000y\000c\000l\000e}{section.4.6}% 61
\BOOKMARK [2][-]{subsection.4.6.2}{\376\377\000P\000h\000a\000s\000e\000-\000w\000i\000s\000e\000\040\000D\000e\000v\000e\000l\000o\000p\000m\000e\000n\000t\000\040\000S\000c\000h\000e\000d\000u\000l\000e}{section.4.6}% 62
\BOOKMARK [2][-]{subsection.4.6.3}{\376\377\000G\000a\000n\000t\000t\000\040\000C\000h\000a\000r\000t\000\040\000R\000e\000p\000r\000e\000s\000e\000n\000t\000a\000t\000i\000o\000n}{section.4.6}% 63
\BOOKMARK [1][-]{section.4.7}{\376\377\000C\000o\000s\000t\000\040\000E\000s\000t\000i\000m\000a\000t\000i\000o\000n\000\040\000U\000s\000i\000n\000g\000\040\000C\000O\000C\000O\000M\000O\000\040\000M\000o\000d\000e\000l}{chapter.4}% 64
\BOOKMARK [2][-]{subsection.4.7.1}{\376\377\000C\000O\000C\000O\000M\000O\000\040\000M\000o\000d\000e\000l\000\040\000O\000v\000e\000r\000v\000i\000e\000w}{section.4.7}% 65
\BOOKMARK [2][-]{subsection.4.7.2}{\376\377\000P\000r\000o\000j\000e\000c\000t\000\040\000S\000i\000z\000e\000\040\000E\000s\000t\000i\000m\000a\000t\000i\000o\000n}{section.4.7}% 66
\BOOKMARK [2][-]{subsection.4.7.3}{\376\377\000C\000O\000C\000O\000M\000O\000\040\000E\000f\000f\000o\000r\000t\000\040\000a\000n\000d\000\040\000S\000c\000h\000e\000d\000u\000l\000e\000\040\000C\000a\000l\000c\000u\000l\000a\000t\000i\000o\000n}{section.4.7}% 67
\BOOKMARK [2][-]{subsection.4.7.4}{\376\377\000P\000h\000a\000s\000e\000-\000w\000i\000s\000e\000\040\000E\000f\000f\000o\000r\000t\000\040\000D\000i\000s\000t\000r\000i\000b\000u\000t\000i\000o\000n}{section.4.7}% 68
\BOOKMARK [2][-]{subsection.4.7.5}{\376\377\000A\000c\000t\000i\000v\000i\000t\000y\000-\000w\000i\000s\000e\000\040\000E\000f\000f\000o\000r\000t\000\040\000D\000i\000s\000t\000r\000i\000b\000u\000t\000i\000o\000n}{section.4.7}% 69
\BOOKMARK [2][-]{subsection.4.7.6}{\376\377\000D\000e\000t\000a\000i\000l\000e\000d\000\040\000C\000o\000s\000t\000\040\000B\000r\000e\000a\000k\000d\000o\000w\000n}{section.4.7}% 70
\BOOKMARK [2][-]{subsection.4.7.7}{\376\377\000C\000o\000s\000t\000\040\000D\000i\000s\000t\000r\000i\000b\000u\000t\000i\000o\000n\000\040\000V\000i\000s\000u\000a\000l\000i\000z\000a\000t\000i\000o\000n}{section.4.7}% 71
\BOOKMARK [2][-]{subsection.4.7.8}{\376\377\000R\000i\000s\000k\000\040\000F\000a\000c\000t\000o\000r\000s\000\040\000a\000n\000d\000\040\000M\000i\000t\000i\000g\000a\000t\000i\000o\000n}{section.4.7}% 72
\BOOKMARK [2][-]{subsection.4.7.9}{\376\377\000T\000e\000a\000m\000\040\000C\000o\000m\000p\000o\000s\000i\000t\000i\000o\000n\000\040\000a\000n\000d\000\040\000R\000o\000l\000e\000\040\000D\000i\000s\000t\000r\000i\000b\000u\000t\000i\000o\000n}{section.4.7}% 73
\BOOKMARK [2][-]{subsection.4.7.10}{\376\377\000C\000o\000n\000c\000l\000u\000s\000i\000o\000n}{section.4.7}% 74
\BOOKMARK [1][-]{section.4.8}{\376\377\000E\000r\000r\000o\000r\000\040\000S\000o\000u\000r\000c\000e\000s\000\040\000a\000n\000d\000\040\000M\000i\000t\000i\000g\000a\000t\000i\000o\000n\000\040\000S\000t\000r\000a\000t\000e\000g\000i\000e\000s}{chapter.4}% 75
\BOOKMARK [2][-]{subsection.4.8.1}{\376\377\000G\000P\000S\000\040\000L\000o\000c\000a\000t\000i\000o\000n\000\040\000E\000r\000r\000o\000r\000s}{section.4.8}% 76
\BOOKMARK [2][-]{subsection.4.8.2}{\376\377\000B\000L\000E\000\040\000S\000i\000g\000n\000a\000l\000\040\000P\000r\000o\000p\000a\000g\000a\000t\000i\000o\000n\000\040\000V\000a\000r\000i\000a\000b\000i\000l\000i\000t\000y}{section.4.8}% 77
\BOOKMARK [2][-]{subsection.4.8.3}{\376\377\000A\000I\000\040\000C\000l\000a\000s\000s\000i\000f\000i\000c\000a\000t\000i\000o\000n\000\040\000A\000m\000b\000i\000g\000u\000i\000t\000y}{section.4.8}% 78
\BOOKMARK [2][-]{subsection.4.8.4}{\376\377\000N\000e\000t\000w\000o\000r\000k\000\040\000L\000a\000t\000e\000n\000c\000y\000\040\000V\000a\000r\000i\000a\000b\000i\000l\000i\000t\000y}{section.4.8}% 79
\BOOKMARK [2][-]{subsection.4.8.5}{\376\377\000D\000e\000v\000i\000c\000e\000\040\000H\000a\000r\000d\000w\000a\000r\000e\000\040\000H\000e\000t\000e\000r\000o\000g\000e\000n\000e\000i\000t\000y}{section.4.8}% 80
\BOOKMARK [2][-]{subsection.4.8.6}{\376\377\000T\000i\000m\000e\000s\000t\000a\000m\000p\000\040\000S\000y\000n\000c\000h\000r\000o\000n\000i\000z\000a\000t\000i\000o\000n\000\040\000E\000r\000r\000o\000r\000s}{section.4.8}% 81
\BOOKMARK [1][-]{section.4.9}{\376\377\000D\000a\000t\000a\000\040\000A\000n\000a\000l\000y\000s\000i\000s\000\040\000M\000e\000t\000h\000o\000d\000o\000l\000o\000g\000y}{chapter.4}% 82
\BOOKMARK [2][-]{subsection.4.9.1}{\376\377\000D\000e\000s\000c\000r\000i\000p\000t\000i\000v\000e\000\040\000S\000t\000a\000t\000i\000s\000t\000i\000c\000s}{section.4.9}% 83
\BOOKMARK [2][-]{subsection.4.9.2}{\376\377\000C\000o\000m\000p\000a\000r\000a\000t\000i\000v\000e\000\040\000A\000n\000a\000l\000y\000s\000i\000s}{section.4.9}% 84
\BOOKMARK [2][-]{subsection.4.9.3}{\376\377\000S\000t\000a\000t\000i\000s\000t\000i\000c\000a\000l\000\040\000V\000a\000l\000i\000d\000a\000t\000i\000o\000n}{section.4.9}% 85
\BOOKMARK [2][-]{subsection.4.9.4}{\376\377\000V\000i\000s\000u\000a\000l\000i\000z\000a\000t\000i\000o\000n\000\040\000T\000e\000c\000h\000n\000i\000q\000u\000e\000s}{section.4.9}% 86
\BOOKMARK [0][-]{chapter.5}{\376\377\000I\000m\000p\000l\000e\000m\000e\000n\000t\000a\000t\000i\000o\000n}{}% 87
\BOOKMARK [1][-]{section.5.1}{\376\377\000S\000O\000S\000\040\000A\000c\000t\000i\000v\000a\000t\000i\000o\000n\000\040\000a\000n\000d\000\040\000E\000m\000e\000r\000g\000e\000n\000c\000y\000\040\000A\000l\000e\000r\000t\000\040\000I\000m\000p\000l\000e\000m\000e\000n\000t\000a\000t\000i\000o\000n}{chapter.5}% 88
\BOOKMARK [2][-]{subsection.5.1.1}{\376\377\000S\000O\000S\000\040\000A\000c\000t\000i\000v\000a\000t\000i\000o\000n\000\040\000P\000s\000e\000u\000d\000o\000c\000o\000d\000e}{section.5.1}% 89
\BOOKMARK [2][-]{subsection.5.1.2}{\376\377\000S\000O\000S\000\040\000U\000s\000e\000r\000\040\000I\000n\000t\000e\000r\000f\000a\000c\000e\000\040\000I\000m\000p\000l\000e\000m\000e\000n\000t\000a\000t\000i\000o\000n}{section.5.1}% 90
\BOOKMARK [2][-]{subsection.5.1.3}{\376\377\000B\000a\000c\000k\000e\000n\000d\000\040\000S\000O\000S\000\040\000H\000a\000n\000d\000l\000i\000n\000g\000\040\000I\000m\000p\000l\000e\000m\000e\000n\000t\000a\000t\000i\000o\000n}{section.5.1}% 91
\BOOKMARK [1][-]{section.5.2}{\376\377\000B\000l\000u\000e\000t\000o\000o\000t\000h\000\040\000L\000o\000w\000\040\000E\000n\000e\000r\000g\000y\000\040\000\050\000B\000L\000E\000\051\000\040\000O\000f\000f\000l\000i\000n\000e\000\040\000C\000o\000m\000m\000u\000n\000i\000c\000a\000t\000i\000o\000n\000\040\000I\000m\000p\000l\000e\000m\000e\000n\000t\000a\000t\000i\000o\000n}{chapter.5}% 92
\BOOKMARK [2][-]{subsection.5.2.1}{\376\377\000B\000L\000E\000\040\000M\000e\000s\000s\000a\000g\000e\000\040\000R\000e\000l\000a\000y\000\040\000P\000s\000e\000u\000d\000o\000c\000o\000d\000e}{section.5.2}% 93
\BOOKMARK [2][-]{subsection.5.2.2}{\376\377\000B\000L\000E\000\040\000R\000e\000l\000a\000y\000\040\000W\000o\000r\000k\000f\000l\000o\000w\000\040\000D\000i\000a\000g\000r\000a\000m}{section.5.2}% 94
\BOOKMARK [2][-]{subsection.5.2.3}{\376\377\000B\000L\000E\000\040\000E\000n\000c\000r\000y\000p\000t\000i\000o\000n\000\040\000a\000n\000d\000\040\000T\000r\000a\000n\000s\000m\000i\000s\000s\000i\000o\000n\000\040\000C\000o\000d\000e}{section.5.2}% 95
\BOOKMARK [1][-]{section.5.3}{\376\377\000A\000I\000-\000B\000a\000s\000e\000d\000\040\000E\000m\000e\000r\000g\000e\000n\000c\000y\000\040\000C\000l\000a\000s\000s\000i\000f\000i\000c\000a\000t\000i\000o\000n\000\040\000I\000m\000p\000l\000e\000m\000e\000n\000t\000a\000t\000i\000o\000n}{chapter.5}% 96
\BOOKMARK [2][-]{subsection.5.3.1}{\376\377\000A\000I\000\040\000C\000l\000a\000s\000s\000i\000f\000i\000c\000a\000t\000i\000o\000n\000\040\000P\000s\000e\000u\000d\000o\000c\000o\000d\000e}{section.5.3}% 97
\BOOKMARK [2][-]{subsection.5.3.2}{\376\377\000C\000l\000o\000u\000d\000-\000B\000a\000s\000e\000d\000\040\000A\000I\000\040\000C\000l\000a\000s\000s\000i\000f\000i\000c\000a\000t\000i\000o\000n\000\040\000I\000m\000p\000l\000e\000m\000e\000n\000t\000a\000t\000i\000o\000n}{section.5.3}% 98
\BOOKMARK [2][-]{subsection.5.3.3}{\376\377\000O\000f\000f\000l\000i\000n\000e\000\040\000A\000I\000\040\000F\000a\000l\000l\000b\000a\000c\000k\000\040\000I\000m\000p\000l\000e\000m\000e\000n\000t\000a\000t\000i\000o\000n}{section.5.3}% 99
\BOOKMARK [1][-]{section.5.4}{\376\377\000E\000m\000e\000r\000g\000e\000n\000c\000y\000\040\000C\000o\000n\000t\000a\000c\000t\000\040\000N\000o\000t\000i\000f\000i\000c\000a\000t\000i\000o\000n\000\040\000I\000m\000p\000l\000e\000m\000e\000n\000t\000a\000t\000i\000o\000n}{chapter.5}% 100
\BOOKMARK [2][-]{subsection.5.4.1}{\376\377\000M\000u\000l\000t\000i\000-\000C\000h\000a\000n\000n\000e\000l\000\040\000N\000o\000t\000i\000f\000i\000c\000a\000t\000i\000o\000n\000\040\000P\000s\000e\000u\000d\000o\000c\000o\000d\000e}{section.5.4}% 101
\BOOKMARK [1][-]{section.5.5}{\376\377\000R\000e\000s\000p\000o\000n\000d\000e\000r\000\040\000A\000c\000k\000n\000o\000w\000l\000e\000d\000g\000m\000e\000n\000t\000\040\000I\000m\000p\000l\000e\000m\000e\000n\000t\000a\000t\000i\000o\000n}{chapter.5}% 102
\BOOKMARK [2][-]{subsection.5.5.1}{\376\377\000R\000e\000s\000p\000o\000n\000d\000e\000r\000\040\000A\000c\000k\000n\000o\000w\000l\000e\000d\000g\000m\000e\000n\000t\000\040\000P\000s\000e\000u\000d\000o\000c\000o\000d\000e}{section.5.5}% 103
\BOOKMARK [1][-]{section.5.6}{\376\377\000G\000P\000S\000\040\000L\000o\000c\000a\000t\000i\000o\000n\000\040\000T\000r\000a\000c\000k\000i\000n\000g\000\040\000I\000m\000p\000l\000e\000m\000e\000n\000t\000a\000t\000i\000o\000n}{chapter.5}% 104
\BOOKMARK [2][-]{subsection.5.6.1}{\376\377\000L\000o\000c\000a\000t\000i\000o\000n\000\040\000T\000r\000a\000c\000k\000i\000n\000g\000\040\000P\000s\000e\000u\000d\000o\000c\000o\000d\000e}{section.5.6}% 105
\BOOKMARK [1][-]{section.5.7}{\376\377\000D\000a\000t\000a\000b\000a\000s\000e\000\040\000S\000c\000h\000e\000m\000a\000\040\000a\000n\000d\000\040\000D\000a\000t\000a\000\040\000M\000o\000d\000e\000l\000s}{chapter.5}% 106
\BOOKMARK [2][-]{subsection.5.7.1}{\376\377\000F\000i\000r\000e\000s\000t\000o\000r\000e\000\040\000D\000a\000t\000a\000\040\000S\000t\000r\000u\000c\000t\000u\000r\000e}{section.5.7}% 107
\BOOKMARK [1][-]{section.5.8}{\376\377\000S\000u\000m\000m\000a\000r\000y}{chapter.5}% 108
\BOOKMARK [0][-]{chapter.6}{\376\377\000T\000e\000s\000t\000i\000n\000g\000\040\000a\000n\000d\000\040\000V\000a\000l\000i\000d\000a\000t\000i\000o\000n}{}% 109
\BOOKMARK [1][-]{section.6.1}{\376\377\000O\000b\000j\000e\000c\000t\000i\000v\000e\000\040\000o\000f\000\040\000T\000e\000s\000t\000i\000n\000g}{chapter.6}% 110
\BOOKMARK [1][-]{section.6.2}{\376\377\000T\000e\000s\000t\000\040\000E\000n\000v\000i\000r\000o\000n\000m\000e\000n\000t}{chapter.6}% 111
\BOOKMARK [1][-]{section.6.3}{\376\377\000S\000y\000s\000t\000e\000m\000\040\000T\000e\000s\000t\000i\000n\000g\000\040\000A\000p\000p\000r\000o\000a\000c\000h}{chapter.6}% 112
\BOOKMARK [1][-]{section.6.4}{\376\377\000F\000u\000n\000c\000t\000i\000o\000n\000a\000l\000\040\000T\000e\000s\000t\000\040\000C\000a\000s\000e\000\040\000V\000a\000l\000i\000d\000a\000t\000i\000o\000n}{chapter.6}% 113
\BOOKMARK [1][-]{section.6.5}{\376\377\000P\000e\000r\000f\000o\000r\000m\000a\000n\000c\000e\000\040\000V\000a\000l\000i\000d\000a\000t\000i\000o\000n\000\040\000R\000e\000s\000u\000l\000t\000s}{chapter.6}% 114
\BOOKMARK [1][-]{section.6.6}{\376\377\000O\000f\000f\000l\000i\000n\000e\000\040\000C\000o\000m\000m\000u\000n\000i\000c\000a\000t\000i\000o\000n\000\040\000V\000a\000l\000i\000d\000a\000t\000i\000o\000n}{chapter.6}% 115
\BOOKMARK [1][-]{section.6.7}{\376\377\000A\000I\000\040\000C\000l\000a\000s\000s\000i\000f\000i\000c\000a\000t\000i\000o\000n\000\040\000V\000a\000l\000i\000d\000a\000t\000i\000o\000n}{chapter.6}% 116
\BOOKMARK [0][-]{chapter.7}{\376\377\000A\000p\000p\000l\000i\000c\000a\000t\000i\000o\000n\000\040\000R\000e\000s\000u\000l\000t\000s\000\040\000a\000n\000d\000\040\000U\000s\000e\000r\000\040\000I\000n\000t\000e\000r\000f\000a\000c\000e}{}% 117
\BOOKMARK [1][-]{section.7.1}{\376\377\000L\000o\000g\000i\000n\000\040\000a\000n\000d\000\040\000S\000i\000g\000n\000u\000p\000\040\000I\000n\000t\000e\000r\000f\000a\000c\000e}{chapter.7}% 118
\BOOKMARK [1][-]{section.7.2}{\376\377\000U\000s\000e\000r\000\040\000D\000a\000s\000h\000b\000o\000a\000r\000d\000\040\000a\000n\000d\000\040\000E\000m\000e\000r\000g\000e\000n\000c\000y\000\040\000C\000o\000n\000t\000a\000c\000t\000\040\000M\000a\000n\000a\000g\000e\000m\000e\000n\000t}{chapter.7}% 119
\BOOKMARK [1][-]{section.7.3}{\376\377\000A\000I\000\040\000C\000h\000a\000t\000b\000o\000t\000\040\000I\000n\000t\000e\000r\000a\000c\000t\000i\000o\000n\000\040\000a\000n\000d\000\040\000A\000u\000t\000o\000m\000a\000t\000i\000c\000\040\000S\000O\000S\000\040\000G\000e\000n\000e\000r\000a\000t\000i\000o\000n}{chapter.7}% 120
\BOOKMARK [1][-]{section.7.4}{\376\377\000A\000u\000g\000m\000e\000n\000t\000e\000d\000\040\000R\000e\000a\000l\000i\000t\000y\000\040\000C\000P\000R\000\040\000A\000s\000s\000i\000s\000t\000a\000n\000c\000e\000\040\000O\000u\000t\000p\000u\000t}{chapter.7}% 121
\BOOKMARK [1][-]{section.7.5}{\376\377\000A\000u\000g\000m\000e\000n\000t\000e\000d\000\040\000R\000e\000a\000l\000i\000t\000y\000\040\000A\000E\000D\000\040\000A\000s\000s\000i\000s\000t\000a\000n\000c\000e\000\040\000O\000u\000t\000p\000u\000t}{chapter.7}% 122
\BOOKMARK [1][-]{section.7.6}{\376\377\000S\000u\000m\000m\000a\000r\000y}{chapter.7}% 123
\BOOKMARK [0][-]{chapter.8}{\376\377\000C\000o\000n\000c\000l\000u\000s\000i\000o\000n\000\040\000a\000n\000d\000\040\000F\000u\000t\000u\000r\000e\000\040\000E\000n\000h\000a\000n\000c\000e\000m\000e\000n\000t\000s}{}% 124
\BOOKMARK [1][-]{section.8.1}{\376\377\000C\000o\000n\000c\000l\000u\000s\000i\000o\000n}{chapter.8}% 125
\BOOKMARK [1][-]{section.8.2}{\376\377\000F\000u\000t\000u\000r\000e\000\040\000S\000c\000o\000p\000e}{chapter.8}% 126
